#
# A fatal error has been detected by the Java Runtime Environment:
#
#  EXCEPTION_ACCESS_VIOLATION (0xc0000005) at pc=0x000001f7bb57add8, pid=12952, tid=15768
#
# JRE version: OpenJDK Runtime Environment (17.0.6) (build 17.0.6+0-b2043.56-9586694)
# Java VM: OpenJDK 64-Bit Server VM (17.0.6+0-b2043.56-9586694, mixed mode, tiered, compressed oops, compressed class ptrs, g1 gc, windows-amd64)
# Problematic frame:
# J 5468 c2 java.lang.String.startsWith(Ljava/lang/String;I)Z java.base@17.0.6 (138 bytes) @ 0x000001f7bb57add8 [0x000001f7bb57ada0+0x0000000000000038]
#
# No core dump will be written. Minidumps are not enabled by default on client versions of Windows
#
# If you would like to submit a bug report, please visit:
#   https://bugreport.java.com/bugreport/crash.jsp
#

---------------  S U M M A R Y ------------

Command Line: --add-opens=java.base/java.util=ALL-UNNAMED --add-opens=java.base/java.lang=ALL-UNNAMED --add-opens=java.base/java.lang.invoke=ALL-UNNAMED --add-opens=java.prefs/java.util.prefs=ALL-UNNAMED --add-opens=java.base/java.nio.charset=ALL-UNNAMED --add-opens=java.base/java.net=ALL-UNNAMED --add-opens=java.base/java.util.concurrent.atomic=ALL-UNNAMED -Xmx2048m -Dfile.encoding=UTF-8 -Duser.country=RU -Duser.language=ru -Duser.variant org.gradle.launcher.daemon.bootstrap.GradleDaemon 8.0

Host: Intel(R) Core(TM) i5-3330S CPU @ 2.70GHz, 4 cores, 15G,  Windows 10 , 64 bit Build 19041 (10.0.19041.3636)
Time: Mon Jan 29 19:06:33 2024 RTZ 2 (s 10 , 64 bit Build 19041 (10.0.19041.3636) elapsed time: 29.832883 seconds (0d 0h 0m 29s)

---------------  T H R E A D  ---------------

Current thread (0x000001f7cd1e3f30):  JavaThread "Execution worker Thread 3" [_thread_in_Java, id=15768, stack(0x0000008119d00000,0x0000008119e00000)]

Stack: [0x0000008119d00000,0x0000008119e00000],  sp=0x0000008119dfa7a0,  free space=1001k
Native frames: (J=compiled Java code, j=interpreted, Vv=VM code, C=native code)
C  0x000001f7bb57add8


siginfo: EXCEPTION_ACCESS_VIOLATION (0xc0000005), reading address 0x00000000aa1e27f4


Register to memory mapping:

RIP=0x000001f7bb57add8 is at entry_point+56 in (nmethod*)0x000001f7bb57ac10
RAX=0x000000008918df58 is an oop: java.lang.String 
{0x000000008918df58} - klass: 'java/lang/String'
 - string: "styleable/"
RBX=0x0 is NULL
RCX=0x0000000000000009 is an unknown value
RDX=0x000000008a1e2820 is an oop: java.lang.String 
{0x000000008a1e2820} - klass: 'java/lang/String'

[error occurred during error reporting (printing register info), id 0xc0000005, EXCEPTION_ACCESS_VIOLATION (0xc0000005) at pc=0x00007ffec5e2739a]

Registers:
RAX=0x000000008918df58, RBX=0x0000000000000000, RCX=0x0000000000000009, RDX=0x000000008a1e2820
RSP=0x0000008119dfa7a0, RBP=0x0000008119dfaab8, RSI=0x000000008a1e2820, RDI=0x00000000aa1e27e8
R8 =0x000000008918df58, R9 =0x0000000000000000, R10=0x000000008918df38, R11=0x000000008918df38
R12=0x0000000000000000, R13=0x00000000895d1cb8, R14=0x0000000089432b00, R15=0x000001f7cd1e3f30
RIP=0x000001f7bb57add8, EFLAGS=0x0000000000010246

Top of Stack: (sp=0x0000008119dfa7a0)
0x0000008119dfa7a0:   000000008918df38 000000008a0e4d30
0x0000008119dfa7b0:   0000000089433088 000000008a447798
0x0000008119dfa7c0:   0000008119dfaab8 000001f7b4ae414c
0x0000008119dfa7d0:   00000000000001af 000001f7d651a448
0x0000008119dfa7e0:   000001f7cd1e3f30 0000008119dfaa68
0x0000008119dfa7f0:   000001f7d651a177 0000000000000000
0x0000008119dfa800:   0000000000000001 0000008119dfa8c0
0x0000008119dfa810:   0000000000000004 00007ffef91ffde6
0x0000008119dfa820:   0000000000000000 0000000000000080
0x0000008119dfa830:   000001f7bacb8e10 00007ffec5d70000
0x0000008119dfa840:   0000000000000001 00007ffec612629c
0x0000008119dfa850:   0000000000000080 000001f7bacc6741
0x0000008119dfa860:   000001f7b4ae1b10 00007ffec5d7de3c
0x0000008119dfa870:   000001f7b4ae1b10 00007ffec5d7deaf
0x0000008119dfa880:   000001f7d6bd78f8 00007ffec5b563f3
0x0000008119dfa890:   0000000000000080 0000000000000004 

Instructions: (pc=0x000001f7bb57add8)
0x000001f7bb57acd8:   00 00 00 00 00 00 00 00 00 00 00 00 00 00 00 00
0x000001f7bb57ace8:   a0 ad 57 bb f7 01 00 00 c0 ad 57 bb f7 01 00 00
0x000001f7bb57acf8:   a0 ad 57 bb f7 01 00 00 70 04 00 00 ff ff ff ff
0x000001f7bb57ad08:   90 01 00 00 70 04 00 00 88 04 00 00 88 04 00 00
0x000001f7bb57ad18:   00 00 00 00 88 05 00 00 38 06 00 00 40 06 00 00
0x000001f7bb57ad28:   40 06 00 00 40 06 00 00 60 06 00 00 60 06 00 00
0x000001f7bb57ad38:   60 06 00 00 10 00 00 00 5c 15 00 00 04 00 00 00
0x000001f7bb57ad48:   00 00 00 00 02 00 00 00 00 00 00 00 00 00 00 00
0x000001f7bb57ad58:   d8 01 00 00 04 00 00 00 ff ff ff ff ff ff ff ff
0x000001f7bb57ad68:   0b 60 0f b1 25 a0 bc 64 20 64 16 a0 32 64 20 64
0x000001f7bb57ad78:   0c 64 0c 64 0c 64 92 f1 05 80 11 64 23 00 00 64
0x000001f7bb57ad88:   0f 64 00 00 00 00 00 00 00 00 00 00 00 00 00 00
0x000001f7bb57ad98:   00 00 00 00 00 00 00 00 44 8b 52 08 49 c1 e2 03
0x000001f7bb57ada8:   49 3b c2 0f 85 cf 62 78 ff 66 66 90 0f 1f 84 00
0x000001f7bb57adb8:   00 00 00 00 66 66 66 90 89 84 24 00 90 ff ff 55
0x000001f7bb57adc8:   48 83 ec 20 45 85 c9 0f 8c 4a 01 00 00 8b 7a 14
0x000001f7bb57add8:   8b 5f 0c 45 8b 50 14 45 8b 5a 0c 45 0f be 40 10
0x000001f7bb57ade8:   0f be 72 10 41 8b d3 41 8b c8 d3 fa 8b c3 8b ce
0x000001f7bb57adf8:   d3 f8 2b c2 44 3b c8 0f 8f 1a 01 00 00 41 8b d0
0x000001f7bb57ae08:   45 8b c3 41 ff c8 49 63 c9 48 8b c7 4d 8b ea 41
0x000001f7bb57ae18:   be e8 03 00 00 bd 01 00 00 00 3b f2 0f 85 cb 00
0x000001f7bb57ae28:   00 00 85 f6 0f 85 6e 01 00 00 45 85 db 0f 86 8d
0x000001f7bb57ae38:   00 00 00 44 3b cb 0f 83 42 01 00 00 49 63 d3 48
0x000001f7bb57ae48:   03 d1 48 63 db 48 ff ca 48 3b d3 0f 83 2d 01 00
0x000001f7bb57ae58:   00 45 3b c3 0f 83 24 01 00 00 33 db 33 ed 8b f3
0x000001f7bb57ae68:   44 89 0c 24 89 6c 24 04 4c 63 c6 47 0f be 4c 02
0x000001f7bb57ae78:   10 48 8b d1 49 03 d0 44 0f be 44 17 10 45 3b c1
0x000001f7bb57ae88:   75 25 41 8b d3 2b d3 44 3b db 0f 4c 54 24 04 81
0x000001f7bb57ae98:   fa e8 03 00 00 41 0f 47 d6 03 d3 8b ee ff c5 3b
0x000001f7bb57aea8:   ea 7d 24 8b f5 eb c1 8b 5c 24 04 8b c3 48 83 c4
0x000001f7bb57aeb8:   20 5d 49 3b a7 40 03 00 00 0f 87 85 01 00 00 c3
0x000001f7bb57aec8:   bb 01 00 00 00 eb e4 49 8b 97 48 03 00 00 8b de 


Stack slot to memory mapping:
stack at sp + 0 slots: 0x000000008918df38 is an oop: [B 
{0x000000008918df38} - klass: {type array byte}
 - length: 10
stack at sp + 1 slots: 0x000000008a0e4d30 is an oop: java.lang.String 
{0x000000008a0e4d30} - klass: 'java/lang/String'
 - string: "string-fr-rCA/material_timepicker_clock_mode_description"
stack at sp + 2 slots: 0x0000000089433088 is an oop: java.util.HashSet 
{0x0000000089433088} - klass: 'java/util/HashSet'
 - ---- fields (total size 2 words):
 - private transient 'map' 'Ljava/util/HashMap;' @12  a 'java/util/HashMap'{0x0000000089433098} (89433098)
stack at sp + 3 slots: 0x000000008a447798 is an oop: java.lang.String 
{0x000000008a447798} - klass: 'java/lang/String'
 - string: "styleable/AppCompatTextHelper"
stack at sp + 4 slots: 0x0000008119dfaab8 is pointing into the stack for thread: 0x000001f7cd1e3f30
stack at sp + 5 slots: 0x000001f7b4ae414c is at entry_point+7660 in (nmethod*)0x000001f7b4ae1b10
stack at sp + 6 slots: 0x00000000000001af is an unknown value
stack at sp + 7 slots: {method} {0x000001f7d651a450} 'mergeData' '(Lcom/android/ide/common/resources/MergeConsumer;Z)V' in 'com/android/ide/common/resources/DataMerger'

--------------------------------------------------------------------------------
[Constant Pool (empty)]

--------------------------------------------------------------------------------

[MachCode]
  0x000001f7bb57ada0: 448b 5208 | 49c1 e203 | 493b c20f | 85cf 6278 | ff66 6690 | 0f1f 8400 | 0000 0000 | 6666 6690 
  0x000001f7bb57adc0: 8984 2400 | 90ff ff55 | 4883 ec20 | 4585 c90f | 8c4a 0100 | 008b 7a14 | 8b5f 0c45 | 8b50 1445 
  0x000001f7bb57ade0: 8b5a 0c45 | 0fbe 4010 | 0fbe 7210 | 418b d341 | 8bc8 d3fa | 8bc3 8bce | d3f8 2bc2 | 443b c80f 
  0x000001f7bb57ae00: 8f1a 0100 | 0041 8bd0 | 458b c341 | ffc8 4963 | c948 8bc7 | 4d8b ea41 | bee8 0300 | 00bd 0100 
  0x000001f7bb57ae20: 0000 3bf2 | 0f85 cb00 | 0000 85f6 | 0f85 6e01 | 0000 4585 | db0f 868d | 0000 0044 | 3bcb 0f83 
  0x000001f7bb57ae40: 4201 0000 | 4963 d348 | 03d1 4863 | db48 ffca | 483b d30f | 832d 0100 | 0045 3bc3 | 0f83 2401 
  0x000001f7bb57ae60: 0000 33db | 33ed 8bf3 | 4489 0c24 | 896c 2404 | 4c63 c647 | 0fbe 4c02 | 1048 8bd1 | 4903 d044 
  0x000001f7bb57ae80: 0fbe 4417 | 1045 3bc1 | 7525 418b | d32b d344 | 3bdb 0f4c | 5424 0481 | fae8 0300 | 0041 0f47 
  0x000001f7bb57aea0: d603 d38b | eeff c53b | ea7d 248b | f5eb c18b | 5c24 048b | c348 83c4 | 205d 493b | a740 0300 
  0x000001f7bb57aec0: 000f 8785 | 0100 00c3 | bb01 0000 | 00eb e449 | 8b97 4803 | 0000 8bde | 031c 24ff | c6ff c385 
  0x000001f7bb57aee0: 0241 3beb | 7de2 8bdd | 448b 0c24 | 8b6c 2404 | e971 ffff | ff85 f60f | 840b 0100 | 0045 85db 
  0x000001f7bb57af00: 76c6 453b | c30f 83e2 | 0000 0044 | 0fb7 444f | 1041 0fb6 | 5a10 443b | c374 0833 | dbeb 9433 
  0x000001f7bb57af20: dbeb 9041 | 3beb 7da0 | 41b8 0100 | 0000 33db | 418b d048 | 63ea 410f | b674 2a10 | 4803 e90f 
  0x000001f7bb57af40: b76c 6f10 | 3bee 0f85 | 67ff ffff | 891c 24c4 | c179 6ec1 | 418b db41 | 2bd8 453b | d80f 4c1c 
  0x000001f7bb57af60: 2481 fbe8 | 0300 0041 | 0f47 de41 | 03d8 448b | ca41 ffc1 | 443b cb7d | 4741 8bd1 | c4c1 797e 
  0x000001f7bb57af80: c18b 1c24 | ebad ba76 | ffff ff8b | ef44 8914 | 2444 894c | 2408 4489 | 5c24 0ce8 | 60b9 78ff 
  0x000001f7bb57afa0: ba45 ffff | ff41 8be9 | 893c 2444 | 8954 2404 | 4489 5c24 | 0889 7424 | 0c66 90e8 | 40b9 78ff 
  0x000001f7bb57afc0: 4d8b 8748 | 0300 00c5 | f97e c303 | daff c2ff | c341 8500 | 453b cb0f | 8deb feff | ff45 8bc1 
  0x000001f7bb57afe0: c4c1 797e | c18b 1c24 | e943 ffff | ffba beff | ffff 418b | e989 3c24 | 4489 5424 | 0444 895c 
  0x000001f7bb57b000: 240c 90e8 | f8b8 78ff | ba45 ffff | ff41 8be9 | 893c 2444 | 8954 2404 | 4489 5c24 | 0889 7424 
  0x000001f7bb57b020: 0c66 90e8 | d8b8 78ff | baf6 ffff | ff66 90e8 | ccb8 78ff | baf6 ffff | ff66 90e8 | c0b8 78ff 
  0x000001f7bb57b040: baf6 ffff | ff66 90e8 | b4b8 78ff | 49ba baae | 57bb f701 | 0000 4d89 | 9758 0300 | 00e9 9ec9 
  0x000001f7bb57b060: 78ff f4f4 | f4f4 f4f4 | f4f4 f4f4 | f4f4 f4f4 | f4f4 f4f4 | f4f4 f4f4 | f4f4 f4f4 | f4f4 f4f4 
  0x000001f7bb57b080: e97b c279 | ffe8 0000 | 0000 4883 | 2c24 05e9 | 0cbc 78ff | f4f4 f4f4 
[/MachCode]
--------------------------------------------------------------------------------


---------------  P R O C E S S  ---------------

Threads class SMR info:
_java_thread_list=0x000001f7ccea1330, length=87, elements={
0x000001f7b02b1af0, 0x000001f7ca401550, 0x000001f7ca4022d0, 0x000001f7ca449280,
0x000001f7ca449c40, 0x000001f7ca46f010, 0x000001f7ca46f8d0, 0x000001f7ca4704c0,
0x000001f7ca473620, 0x000001f7ca48c460, 0x000001f7ca5e9770, 0x000001f7ca5ea050,
0x000001f7cd63b010, 0x000001f7cc8cb140, 0x000001f7cb5c4060, 0x000001f7cd11a070,
0x000001f7cd11a540, 0x000001f7cc9899c0, 0x000001f7cd190100, 0x000001f7cb0b4bb0,
0x000001f7cb0b46e0, 0x000001f7cb0b5080, 0x000001f7cb0b2060, 0x000001f7cb0b2ed0,
0x000001f7cb0b2530, 0x000001f7cb0b33a0, 0x000001f7cb0b3870, 0x000001f7cb0b4210,
0x000001f7ccbf4d30, 0x000001f7ccbf8bc0, 0x000001f7ccbf7d50, 0x000001f7ccbfad70,
0x000001f7ccbfbbe0, 0x000001f7ccbf4390, 0x000001f7ccbf7880, 0x000001f7ccbf9090,
0x000001f7ccbf6a10, 0x000001f7ccbf4860, 0x000001f7ccbf9560, 0x000001f7ccbf6070,
0x000001f7ccbf6540, 0x000001f7ccbf6ee0, 0x000001f7ccbf73b0, 0x000001f7ce086990,
0x000001f7ce086e60, 0x000001f7ce0817c0, 0x000001f7ce080950, 0x000001f7ce081c90,
0x000001f7ce082160, 0x000001f7ce085b20, 0x000001f7ce082b00, 0x000001f7ce0847e0,
0x000001f7ce082630, 0x000001f7ce087330, 0x000001f7ce082fd0, 0x000001f7ce080480,
0x000001f7ce084cb0, 0x000001f7ce0834a0, 0x000001f7ce087cd0, 0x000001f7ce087800,
0x000001f7ce085ff0, 0x000001f7ce080e20, 0x000001f7ce0812f0, 0x000001f7ce083970,
0x000001f7ce083e40, 0x000001f7ce084310, 0x000001f7ce085180, 0x000001f7ce085650,
0x000001f7ce0864c0, 0x000001f7cd1e60e0, 0x000001f7cd1e2720, 0x000001f7cd1e5740,
0x000001f7cd1e2250, 0x000001f7cd1e65b0, 0x000001f7cd1e0a40, 0x000001f7cd1e13e0,
0x000001f7cd1dfbd0, 0x000001f7cd1e5270, 0x000001f7cd1e6a80, 0x000001f7cd1e00a0,
0x000001f7cd1df700, 0x000001f7cd1e1d80, 0x000001f7cd1e3590, 0x000001f7cd1e3a60,
0x000001f7cd1e3f30, 0x000001f7cd1e4400, 0x000001f7cce56ed0
}

Java Threads: ( => current thread )
  0x000001f7b02b1af0 JavaThread "main" [_thread_blocked, id=11464, stack(0x0000008113c00000,0x0000008113d00000)]
  0x000001f7ca401550 JavaThread "Reference Handler" daemon [_thread_blocked, id=16124, stack(0x0000008114300000,0x0000008114400000)]
  0x000001f7ca4022d0 JavaThread "Finalizer" daemon [_thread_blocked, id=8264, stack(0x0000008114400000,0x0000008114500000)]
  0x000001f7ca449280 JavaThread "Signal Dispatcher" daemon [_thread_blocked, id=5492, stack(0x0000008114500000,0x0000008114600000)]
  0x000001f7ca449c40 JavaThread "Attach Listener" daemon [_thread_blocked, id=1672, stack(0x0000008114600000,0x0000008114700000)]
  0x000001f7ca46f010 JavaThread "Service Thread" daemon [_thread_blocked, id=15304, stack(0x0000008114700000,0x0000008114800000)]
  0x000001f7ca46f8d0 JavaThread "Monitor Deflation Thread" daemon [_thread_blocked, id=3624, stack(0x0000008114800000,0x0000008114900000)]
  0x000001f7ca4704c0 JavaThread "C2 CompilerThread0" daemon [_thread_in_native, id=5804, stack(0x0000008114900000,0x0000008114a00000)]
  0x000001f7ca473620 JavaThread "C1 CompilerThread0" daemon [_thread_blocked, id=11860, stack(0x0000008114a00000,0x0000008114b00000)]
  0x000001f7ca48c460 JavaThread "Sweeper thread" daemon [_thread_blocked, id=6776, stack(0x0000008114b00000,0x0000008114c00000)]
  0x000001f7ca5e9770 JavaThread "Common-Cleaner" daemon [_thread_blocked, id=11980, stack(0x0000008114c00000,0x0000008114d00000)]
  0x000001f7ca5ea050 JavaThread "Notification Thread" daemon [_thread_blocked, id=16332, stack(0x0000008114d00000,0x0000008114e00000)]
  0x000001f7cd63b010 JavaThread "Daemon health stats" [_thread_blocked, id=1624, stack(0x0000008115300000,0x0000008115400000)]
  0x000001f7cc8cb140 JavaThread "Incoming local TCP Connector on port 64040" [_thread_in_native, id=9660, stack(0x0000008114f00000,0x0000008115000000)]
  0x000001f7cb5c4060 JavaThread "Daemon periodic checks" [_thread_blocked, id=2236, stack(0x0000008115400000,0x0000008115500000)]
  0x000001f7cd11a070 JavaThread "Daemon" [_thread_blocked, id=7928, stack(0x0000008115500000,0x0000008115600000)]
  0x000001f7cd11a540 JavaThread "Handler for socket connection from /127.0.0.1:64040 to /127.0.0.1:64041" [_thread_in_native, id=11008, stack(0x0000008115600000,0x0000008115700000)]
  0x000001f7cc9899c0 JavaThread "Cancel handler" [_thread_blocked, id=13252, stack(0x0000008115700000,0x0000008115800000)]
  0x000001f7cd190100 JavaThread "Daemon worker" [_thread_blocked, id=13148, stack(0x0000008115800000,0x0000008115900000)]
  0x000001f7cb0b4bb0 JavaThread "Asynchronous log dispatcher for DefaultDaemonConnection: socket connection from /127.0.0.1:64040 to /127.0.0.1:64041" [_thread_blocked, id=8932, stack(0x0000008115900000,0x0000008115a00000)]
  0x000001f7cb0b46e0 JavaThread "Stdin handler" [_thread_blocked, id=16096, stack(0x0000008115a00000,0x0000008115b00000)]
  0x000001f7cb0b5080 JavaThread "Daemon client event forwarder" [_thread_in_Java, id=8736, stack(0x0000008115b00000,0x0000008115c00000)]
  0x000001f7cb0b2060 JavaThread "Cache worker for journal cache (C:\Users\user\.gradle\caches\journal-1)" [_thread_blocked, id=13716, stack(0x0000008115c00000,0x0000008115d00000)]
  0x000001f7cb0b2ed0 JavaThread "File lock request listener" [_thread_in_native, id=9928, stack(0x0000008115d00000,0x0000008115e00000)]
  0x000001f7cb0b2530 JavaThread "Cache worker for file hash cache (C:\Users\user\.gradle\caches\8.0\fileHashes)" [_thread_blocked, id=5828, stack(0x0000008115e00000,0x0000008115f00000)]
  0x000001f7cb0b33a0 JavaThread "File watcher server" daemon [_thread_in_native, id=10312, stack(0x0000008116000000,0x0000008116100000)]
  0x000001f7cb0b3870 JavaThread "File watcher consumer" daemon [_thread_blocked, id=13064, stack(0x0000008116100000,0x0000008116200000)]
  0x000001f7cb0b4210 JavaThread "Cache worker for checksums cache (C:\Users\user\Desktop\Android\PlaylistMakerApp\.gradle\8.0\checksums)" [_thread_blocked, id=1028, stack(0x0000008116200000,0x0000008116300000)]
  0x000001f7ccbf4d30 JavaThread "Cache worker for cache directory md-rule (C:\Users\user\.gradle\caches\8.0\md-rule)" [_thread_blocked, id=8768, stack(0x0000008116300000,0x0000008116400000)]
  0x000001f7ccbf8bc0 JavaThread "Cache worker for file content cache (C:\Users\user\.gradle\caches\8.0\fileContent)" [_thread_blocked, id=14576, stack(0x0000008116400000,0x0000008116500000)]
  0x000001f7ccbf7d50 JavaThread "Cache worker for file hash cache (C:\Users\user\Desktop\Android\PlaylistMakerApp\.gradle\8.0\fileHashes)" [_thread_blocked, id=2856, stack(0x0000008116500000,0x0000008116600000)]
  0x000001f7ccbfad70 JavaThread "Cache worker for cache directory md-supplier (C:\Users\user\.gradle\caches\8.0\md-supplier)" [_thread_blocked, id=1696, stack(0x0000008116600000,0x0000008116700000)]
  0x000001f7ccbfbbe0 JavaThread "Cache worker for execution history cache (C:\Users\user\.gradle\caches\8.0\executionHistory)" [_thread_blocked, id=2908, stack(0x0000008115f00000,0x0000008116000000)]
  0x000001f7ccbf4390 JavaThread "jar transforms" [_thread_blocked, id=2228, stack(0x0000008116700000,0x0000008116800000)]
  0x000001f7ccbf7880 JavaThread "jar transforms Thread 2" [_thread_blocked, id=12956, stack(0x0000008116800000,0x0000008116900000)]
  0x000001f7ccbf9090 JavaThread "jar transforms Thread 3" [_thread_blocked, id=16184, stack(0x0000008116b00000,0x0000008116c00000)]
  0x000001f7ccbf6a10 JavaThread "jar transforms Thread 4" [_thread_blocked, id=12328, stack(0x0000008116c00000,0x0000008116d00000)]
  0x000001f7ccbf4860 JavaThread "Cache worker for dependencies-accessors (C:\Users\user\Desktop\Android\PlaylistMakerApp\.gradle\8.0\dependencies-accessors)" [_thread_blocked, id=2024, stack(0x0000008116d00000,0x0000008116e00000)]
  0x000001f7ccbf9560 JavaThread "Cache worker for Build Output Cleanup Cache (C:\Users\user\Desktop\Android\PlaylistMakerApp\.gradle\buildOutputCleanup)" [_thread_blocked, id=8548, stack(0x0000008116e00000,0x0000008116f00000)]
  0x000001f7ccbf6070 JavaThread "Unconstrained build operations" [_thread_blocked, id=4316, stack(0x0000008116900000,0x0000008116a00000)]
  0x000001f7ccbf6540 JavaThread "Unconstrained build operations Thread 2" [_thread_blocked, id=11364, stack(0x0000008117000000,0x0000008117100000)]
  0x000001f7ccbf6ee0 JavaThread "Unconstrained build operations Thread 3" [_thread_blocked, id=13820, stack(0x0000008117100000,0x0000008117200000)]
  0x000001f7ccbf73b0 JavaThread "Unconstrained build operations Thread 4" [_thread_blocked, id=7692, stack(0x0000008117200000,0x0000008117300000)]
  0x000001f7ce086990 JavaThread "Unconstrained build operations Thread 5" [_thread_blocked, id=14744, stack(0x0000008117300000,0x0000008117400000)]
  0x000001f7ce086e60 JavaThread "Unconstrained build operations Thread 6" [_thread_blocked, id=1056, stack(0x0000008117400000,0x0000008117500000)]
  0x000001f7ce0817c0 JavaThread "Unconstrained build operations Thread 7" [_thread_blocked, id=13304, stack(0x0000008117500000,0x0000008117600000)]
  0x000001f7ce080950 JavaThread "Unconstrained build operations Thread 8" [_thread_blocked, id=1704, stack(0x0000008117600000,0x0000008117700000)]
  0x000001f7ce081c90 JavaThread "Unconstrained build operations Thread 9" [_thread_blocked, id=6404, stack(0x0000008117700000,0x0000008117800000)]
  0x000001f7ce082160 JavaThread "Unconstrained build operations Thread 10" [_thread_blocked, id=4480, stack(0x0000008117800000,0x0000008117900000)]
  0x000001f7ce085b20 JavaThread "Unconstrained build operations Thread 11" [_thread_blocked, id=7952, stack(0x0000008117900000,0x0000008117a00000)]
  0x000001f7ce082b00 JavaThread "Unconstrained build operations Thread 12" [_thread_blocked, id=6212, stack(0x0000008117a00000,0x0000008117b00000)]
  0x000001f7ce0847e0 JavaThread "Unconstrained build operations Thread 13" [_thread_blocked, id=8004, stack(0x0000008117b00000,0x0000008117c00000)]
  0x000001f7ce082630 JavaThread "Unconstrained build operations Thread 14" [_thread_blocked, id=12284, stack(0x0000008117c00000,0x0000008117d00000)]
  0x000001f7ce087330 JavaThread "Unconstrained build operations Thread 15" [_thread_blocked, id=12908, stack(0x0000008117d00000,0x0000008117e00000)]
  0x000001f7ce082fd0 JavaThread "Unconstrained build operations Thread 16" [_thread_blocked, id=9388, stack(0x0000008117e00000,0x0000008117f00000)]
  0x000001f7ce080480 JavaThread "Unconstrained build operations Thread 17" [_thread_blocked, id=9400, stack(0x0000008117f00000,0x0000008118000000)]
  0x000001f7ce084cb0 JavaThread "Unconstrained build operations Thread 18" [_thread_blocked, id=8980, stack(0x0000008118000000,0x0000008118100000)]
  0x000001f7ce0834a0 JavaThread "Unconstrained build operations Thread 19" [_thread_blocked, id=7148, stack(0x0000008118100000,0x0000008118200000)]
  0x000001f7ce087cd0 JavaThread "Unconstrained build operations Thread 20" [_thread_blocked, id=14180, stack(0x0000008118200000,0x0000008118300000)]
  0x000001f7ce087800 JavaThread "Unconstrained build operations Thread 21" [_thread_blocked, id=13504, stack(0x0000008118300000,0x0000008118400000)]
  0x000001f7ce085ff0 JavaThread "Unconstrained build operations Thread 22" [_thread_blocked, id=7876, stack(0x0000008118400000,0x0000008118500000)]
  0x000001f7ce080e20 JavaThread "Unconstrained build operations Thread 23" [_thread_blocked, id=14836, stack(0x0000008118500000,0x0000008118600000)]
  0x000001f7ce0812f0 JavaThread "Unconstrained build operations Thread 24" [_thread_blocked, id=14132, stack(0x0000008118600000,0x0000008118700000)]
  0x000001f7ce083970 JavaThread "Unconstrained build operations Thread 25" [_thread_blocked, id=5784, stack(0x0000008118700000,0x0000008118800000)]
  0x000001f7ce083e40 JavaThread "Unconstrained build operations Thread 26" [_thread_blocked, id=13496, stack(0x0000008118800000,0x0000008118900000)]
  0x000001f7ce084310 JavaThread "Unconstrained build operations Thread 27" [_thread_blocked, id=15736, stack(0x0000008118900000,0x0000008118a00000)]
  0x000001f7ce085180 JavaThread "Unconstrained build operations Thread 28" [_thread_blocked, id=10760, stack(0x0000008118a00000,0x0000008118b00000)]
  0x000001f7ce085650 JavaThread "Unconstrained build operations Thread 29" [_thread_blocked, id=7400, stack(0x0000008118b00000,0x0000008118c00000)]
  0x000001f7ce0864c0 JavaThread "Unconstrained build operations Thread 30" [_thread_blocked, id=16156, stack(0x0000008118c00000,0x0000008118d00000)]
  0x000001f7cd1e60e0 JavaThread "Unconstrained build operations Thread 31" [_thread_blocked, id=15704, stack(0x0000008118d00000,0x0000008118e00000)]
  0x000001f7cd1e2720 JavaThread "Unconstrained build operations Thread 32" [_thread_blocked, id=8636, stack(0x0000008118e00000,0x0000008118f00000)]
  0x000001f7cd1e5740 JavaThread "Unconstrained build operations Thread 33" [_thread_blocked, id=3932, stack(0x0000008118f00000,0x0000008119000000)]
  0x000001f7cd1e2250 JavaThread "Unconstrained build operations Thread 34" [_thread_blocked, id=4712, stack(0x0000008119000000,0x0000008119100000)]
  0x000001f7cd1e65b0 JavaThread "Unconstrained build operations Thread 35" [_thread_blocked, id=10380, stack(0x0000008119100000,0x0000008119200000)]
  0x000001f7cd1e0a40 JavaThread "Unconstrained build operations Thread 36" [_thread_blocked, id=14868, stack(0x0000008119200000,0x0000008119300000)]
  0x000001f7cd1e13e0 JavaThread "Unconstrained build operations Thread 37" [_thread_blocked, id=11232, stack(0x0000008119300000,0x0000008119400000)]
  0x000001f7cd1dfbd0 JavaThread "Unconstrained build operations Thread 38" [_thread_blocked, id=12236, stack(0x0000008119400000,0x0000008119500000)]
  0x000001f7cd1e5270 JavaThread "Unconstrained build operations Thread 39" [_thread_blocked, id=3740, stack(0x0000008119500000,0x0000008119600000)]
  0x000001f7cd1e6a80 JavaThread "Unconstrained build operations Thread 40" [_thread_blocked, id=9604, stack(0x0000008119600000,0x0000008119700000)]
  0x000001f7cd1e00a0 JavaThread "build event listener" [_thread_blocked, id=13824, stack(0x0000008119800000,0x0000008119900000)]
  0x000001f7cd1df700 JavaThread "Memory manager" [_thread_blocked, id=5816, stack(0x0000008119900000,0x0000008119a00000)]
  0x000001f7cd1e1d80 JavaThread "included builds" [_thread_blocked, id=10796, stack(0x0000008119a00000,0x0000008119b00000)]
  0x000001f7cd1e3590 JavaThread "Execution worker" [_thread_blocked, id=9724, stack(0x0000008119b00000,0x0000008119c00000)]
  0x000001f7cd1e3a60 JavaThread "Execution worker Thread 2" [_thread_blocked, id=13680, stack(0x0000008119c00000,0x0000008119d00000)]
=>0x000001f7cd1e3f30 JavaThread "Execution worker Thread 3" [_thread_in_Java, id=15768, stack(0x0000008119d00000,0x0000008119e00000)]
  0x000001f7cd1e4400 JavaThread "Cache worker for execution history cache (C:\Users\user\Desktop\Android\PlaylistMakerApp\.gradle\8.0\executionHistory)" [_thread_blocked, id=10872, stack(0x0000008119e00000,0x0000008119f00000)]
  0x000001f7cce56ed0 JavaThread "C2 CompilerThread1" daemon [_thread_in_vm, id=13324, stack(0x0000008119700000,0x0000008119800000)]

Other Threads:
  0x000001f7ca428030 VMThread "VM Thread" [stack: 0x0000008114200000,0x0000008114300000] [id=14208]
  0x000001f7ca614020 WatcherThread [stack: 0x0000008114e00000,0x0000008114f00000] [id=9124]
  0x000001f7b030ef50 GCTaskThread "GC Thread#0" [stack: 0x0000008113d00000,0x0000008113e00000] [id=8384]
  0x000001f7ca8788d0 GCTaskThread "GC Thread#1" [stack: 0x0000008115000000,0x0000008115100000] [id=9392]
  0x000001f7caa321b0 GCTaskThread "GC Thread#2" [stack: 0x0000008115100000,0x0000008115200000] [id=3680]
  0x000001f7caaba7a0 GCTaskThread "GC Thread#3" [stack: 0x0000008115200000,0x0000008115300000] [id=16316]
  0x000001f7b031fda0 ConcurrentGCThread "G1 Main Marker" [stack: 0x0000008113e00000,0x0000008113f00000] [id=11496]
  0x000001f7b03206c0 ConcurrentGCThread "G1 Conc#0" [stack: 0x0000008113f00000,0x0000008114000000] [id=4636]
  0x000001f7b037d990 ConcurrentGCThread "G1 Refine#0" [stack: 0x0000008114000000,0x0000008114100000] [id=3972]
  0x000001f7ce3b7820 ConcurrentGCThread "G1 Refine#1" [stack: 0x0000008116a00000,0x0000008116b00000] [id=3108]
  0x000001f7c971c520 ConcurrentGCThread "G1 Service" [stack: 0x0000008114100000,0x0000008114200000] [id=10596]

Threads with active compile tasks:

VM state: not at safepoint (normal execution)

VM Mutex/Monitor currently owned by a thread: None

Heap address: 0x0000000080000000, size: 2048 MB, Compressed Oops mode: 32-bit

CDS archive(s) not mapped
Compressed class space mapped at: 0x0000000100000000-0x0000000140000000, reserved size: 1073741824
Narrow klass base: 0x0000000000000000, Narrow klass shift: 3, Narrow klass range: 0x140000000

GC Precious Log:
 CPUs: 4 total, 4 available
 Memory: 16266M
 Large Page Support: Disabled
 NUMA Support: Disabled
 Compressed Oops: Enabled (32-bit)
 Heap Region Size: 1M
 Heap Min Capacity: 8M
 Heap Initial Capacity: 256M
 Heap Max Capacity: 2G
 Pre-touch: Disabled
 Parallel Workers: 4
 Concurrent Workers: 1
 Concurrent Refinement Workers: 4
 Periodic GC: Disabled

Heap:
 garbage-first heap   total 181248K, used 128691K [0x0000000080000000, 0x0000000100000000)
  region size 1024K, 36 young (36864K), 4 survivors (4096K)
 Metaspace       used 103637K, committed 104320K, reserved 1138688K
  class space    used 14033K, committed 14400K, reserved 1048576K

Heap Regions: E=young(eden), S=young(survivor), O=old, HS=humongous(starts), HC=humongous(continues), CS=collection set, F=free, OA=open archive, CA=closed archive, TAMS=top-at-mark-start (previous, next)
|   0|0x0000000080000000, 0x0000000080100000, 0x0000000080100000|100%| O|  |TAMS 0x0000000080100000, 0x0000000080000000| Untracked 
|   1|0x0000000080100000, 0x0000000080200000, 0x0000000080200000|100%| O|  |TAMS 0x0000000080200000, 0x0000000080100000| Untracked 
|   2|0x0000000080200000, 0x0000000080300000, 0x0000000080300000|100%|HS|  |TAMS 0x0000000080300000, 0x0000000080200000| Complete 
|   3|0x0000000080300000, 0x0000000080400000, 0x0000000080400000|100%|HC|  |TAMS 0x0000000080400000, 0x0000000080300000| Complete 
|   4|0x0000000080400000, 0x0000000080500000, 0x0000000080500000|100%|HC|  |TAMS 0x0000000080500000, 0x0000000080400000| Complete 
|   5|0x0000000080500000, 0x0000000080600000, 0x0000000080600000|100%|HC|  |TAMS 0x0000000080600000, 0x0000000080500000| Complete 
|   6|0x0000000080600000, 0x0000000080700000, 0x0000000080700000|100%| O|  |TAMS 0x0000000080700000, 0x0000000080600000| Untracked 
|   7|0x0000000080700000, 0x0000000080800000, 0x0000000080800000|100%| O|  |TAMS 0x0000000080800000, 0x0000000080700000| Untracked 
|   8|0x0000000080800000, 0x0000000080900000, 0x0000000080900000|100%| O|  |TAMS 0x0000000080900000, 0x0000000080800000| Untracked 
|   9|0x0000000080900000, 0x0000000080a00000, 0x0000000080a00000|100%| O|  |TAMS 0x0000000080a00000, 0x0000000080900000| Untracked 
|  10|0x0000000080a00000, 0x0000000080b00000, 0x0000000080b00000|100%| O|  |TAMS 0x0000000080b00000, 0x0000000080a00000| Untracked 
|  11|0x0000000080b00000, 0x0000000080c00000, 0x0000000080c00000|100%| O|  |TAMS 0x0000000080bd0a00, 0x0000000080b00000| Untracked 
|  12|0x0000000080c00000, 0x0000000080d00000, 0x0000000080d00000|100%| O|  |TAMS 0x0000000080d00000, 0x0000000080c00000| Untracked 
|  13|0x0000000080d00000, 0x0000000080e00000, 0x0000000080e00000|100%| O|  |TAMS 0x0000000080e00000, 0x0000000080d00000| Untracked 
|  14|0x0000000080e00000, 0x0000000080f00000, 0x0000000080f00000|100%| O|  |TAMS 0x0000000080f00000, 0x0000000080e00000| Untracked 
|  15|0x0000000080f00000, 0x0000000081000000, 0x0000000081000000|100%| O|  |TAMS 0x0000000081000000, 0x0000000080f00000| Untracked 
|  16|0x0000000081000000, 0x0000000081100000, 0x0000000081100000|100%| O|  |TAMS 0x0000000081100000, 0x0000000081000000| Untracked 
|  17|0x0000000081100000, 0x0000000081200000, 0x0000000081200000|100%| O|  |TAMS 0x0000000081200000, 0x0000000081100000| Untracked 
|  18|0x0000000081200000, 0x0000000081300000, 0x0000000081300000|100%| O|  |TAMS 0x0000000081300000, 0x0000000081200000| Untracked 
|  19|0x0000000081300000, 0x0000000081400000, 0x0000000081400000|100%| O|  |TAMS 0x0000000081400000, 0x0000000081300000| Untracked 
|  20|0x0000000081400000, 0x0000000081500000, 0x0000000081500000|100%| O|  |TAMS 0x0000000081500000, 0x0000000081400000| Untracked 
|  21|0x0000000081500000, 0x0000000081600000, 0x0000000081600000|100%| O|  |TAMS 0x0000000081600000, 0x0000000081500000| Untracked 
|  22|0x0000000081600000, 0x0000000081700000, 0x0000000081700000|100%| O|  |TAMS 0x0000000081700000, 0x0000000081600000| Untracked 
|  23|0x0000000081700000, 0x0000000081800000, 0x0000000081800000|100%| O|  |TAMS 0x0000000081800000, 0x0000000081700000| Untracked 
|  24|0x0000000081800000, 0x0000000081900000, 0x0000000081900000|100%| O|  |TAMS 0x0000000081900000, 0x0000000081800000| Untracked 
|  25|0x0000000081900000, 0x0000000081a00000, 0x0000000081a00000|100%| O|  |TAMS 0x0000000081a00000, 0x0000000081900000| Untracked 
|  26|0x0000000081a00000, 0x0000000081b00000, 0x0000000081b00000|100%| O|  |TAMS 0x0000000081b00000, 0x0000000081a00000| Untracked 
|  27|0x0000000081b00000, 0x0000000081c00000, 0x0000000081c00000|100%| O|  |TAMS 0x0000000081c00000, 0x0000000081b00000| Untracked 
|  28|0x0000000081c00000, 0x0000000081d00000, 0x0000000081d00000|100%| O|  |TAMS 0x0000000081d00000, 0x0000000081c00000| Untracked 
|  29|0x0000000081d00000, 0x0000000081e00000, 0x0000000081e00000|100%| O|  |TAMS 0x0000000081e00000, 0x0000000081d00000| Untracked 
|  30|0x0000000081e00000, 0x0000000081f00000, 0x0000000081f00000|100%| O|  |TAMS 0x0000000081f00000, 0x0000000081e00000| Untracked 
|  31|0x0000000081f00000, 0x0000000082000000, 0x0000000082000000|100%| O|  |TAMS 0x0000000082000000, 0x0000000081f00000| Untracked 
|  32|0x0000000082000000, 0x0000000082100000, 0x0000000082100000|100%| O|  |TAMS 0x0000000082100000, 0x0000000082000000| Untracked 
|  33|0x0000000082100000, 0x0000000082200000, 0x0000000082200000|100%| O|  |TAMS 0x0000000082100000, 0x0000000082100000| Untracked 
|  34|0x0000000082200000, 0x0000000082300000, 0x0000000082300000|100%| O|  |TAMS 0x0000000082300000, 0x0000000082200000| Untracked 
|  35|0x0000000082300000, 0x0000000082400000, 0x0000000082400000|100%| O|  |TAMS 0x0000000082400000, 0x0000000082300000| Untracked 
|  36|0x0000000082400000, 0x0000000082500000, 0x0000000082500000|100%| O|  |TAMS 0x0000000082500000, 0x0000000082400000| Untracked 
|  37|0x0000000082500000, 0x0000000082600000, 0x0000000082600000|100%| O|  |TAMS 0x0000000082600000, 0x0000000082500000| Untracked 
|  38|0x0000000082600000, 0x0000000082700000, 0x0000000082700000|100%| O|  |TAMS 0x0000000082700000, 0x0000000082600000| Untracked 
|  39|0x0000000082700000, 0x0000000082800000, 0x0000000082800000|100%| O|  |TAMS 0x0000000082800000, 0x0000000082700000| Untracked 
|  40|0x0000000082800000, 0x0000000082900000, 0x0000000082900000|100%|HS|  |TAMS 0x0000000082900000, 0x0000000082800000| Complete 
|  41|0x0000000082900000, 0x0000000082a00000, 0x0000000082a00000|100%|HS|  |TAMS 0x0000000082a00000, 0x0000000082900000| Complete 
|  42|0x0000000082a00000, 0x0000000082b00000, 0x0000000082b00000|100%|HC|  |TAMS 0x0000000082b00000, 0x0000000082a00000| Complete 
|  43|0x0000000082b00000, 0x0000000082c00000, 0x0000000082c00000|100%|HS|  |TAMS 0x0000000082c00000, 0x0000000082b00000| Complete 
|  44|0x0000000082c00000, 0x0000000082d00000, 0x0000000082d00000|100%|HS|  |TAMS 0x0000000082d00000, 0x0000000082c00000| Complete 
|  45|0x0000000082d00000, 0x0000000082e00000, 0x0000000082e00000|100%|HC|  |TAMS 0x0000000082e00000, 0x0000000082d00000| Complete 
|  46|0x0000000082e00000, 0x0000000082f00000, 0x0000000082f00000|100%|HC|  |TAMS 0x0000000082f00000, 0x0000000082e00000| Complete 
|  47|0x0000000082f00000, 0x0000000083000000, 0x0000000083000000|100%|HC|  |TAMS 0x0000000083000000, 0x0000000082f00000| Complete 
|  48|0x0000000083000000, 0x0000000083100000, 0x0000000083100000|100%| O|  |TAMS 0x0000000083100000, 0x0000000083000000| Untracked 
|  49|0x0000000083100000, 0x0000000083200000, 0x0000000083200000|100%| O|  |TAMS 0x0000000083200000, 0x0000000083100000| Untracked 
|  50|0x0000000083200000, 0x0000000083300000, 0x0000000083300000|100%| O|  |TAMS 0x0000000083300000, 0x0000000083200000| Untracked 
|  51|0x0000000083300000, 0x0000000083400000, 0x0000000083400000|100%| O|  |TAMS 0x0000000083400000, 0x0000000083300000| Untracked 
|  52|0x0000000083400000, 0x0000000083500000, 0x0000000083500000|100%| O|  |TAMS 0x0000000083400000, 0x0000000083400000| Untracked 
|  53|0x0000000083500000, 0x0000000083600000, 0x0000000083600000|100%| O|  |TAMS 0x0000000083600000, 0x0000000083500000| Untracked 
|  54|0x0000000083600000, 0x0000000083700000, 0x0000000083700000|100%| O|  |TAMS 0x0000000083700000, 0x0000000083600000| Untracked 
|  55|0x0000000083700000, 0x0000000083800000, 0x0000000083800000|100%| O|  |TAMS 0x0000000083700000, 0x0000000083700000| Untracked 
|  56|0x0000000083800000, 0x0000000083900000, 0x0000000083900000|100%| O|  |TAMS 0x0000000083800000, 0x0000000083800000| Untracked 
|  57|0x0000000083900000, 0x0000000083a00000, 0x0000000083a00000|100%| O|  |TAMS 0x0000000083900000, 0x0000000083900000| Untracked 
|  58|0x0000000083a00000, 0x0000000083b00000, 0x0000000083b00000|100%| O|  |TAMS 0x0000000083a00000, 0x0000000083a00000| Untracked 
|  59|0x0000000083b00000, 0x0000000083c00000, 0x0000000083c00000|100%| O|  |TAMS 0x0000000083b00000, 0x0000000083b00000| Untracked 
|  60|0x0000000083c00000, 0x0000000083d00000, 0x0000000083d00000|100%| O|  |TAMS 0x0000000083c00000, 0x0000000083c00000| Untracked 
|  61|0x0000000083d00000, 0x0000000083e00000, 0x0000000083e00000|100%| O|  |TAMS 0x0000000083d00000, 0x0000000083d00000| Untracked 
|  62|0x0000000083e00000, 0x0000000083f00000, 0x0000000083f00000|100%| O|  |TAMS 0x0000000083e00000, 0x0000000083e00000| Untracked 
|  63|0x0000000083f00000, 0x0000000084000000, 0x0000000084000000|100%| O|  |TAMS 0x0000000083f00000, 0x0000000083f00000| Untracked 
|  64|0x0000000084000000, 0x0000000084100000, 0x0000000084100000|100%| O|  |TAMS 0x0000000084000000, 0x0000000084000000| Untracked 
|  65|0x0000000084100000, 0x0000000084200000, 0x0000000084200000|100%| O|  |TAMS 0x0000000084100000, 0x0000000084100000| Untracked 
|  66|0x0000000084200000, 0x0000000084300000, 0x0000000084300000|100%| O|  |TAMS 0x0000000084200000, 0x0000000084200000| Untracked 
|  67|0x0000000084300000, 0x0000000084400000, 0x0000000084400000|100%| O|  |TAMS 0x0000000084300000, 0x0000000084300000| Untracked 
|  68|0x0000000084400000, 0x0000000084500000, 0x0000000084500000|100%| O|  |TAMS 0x0000000084400000, 0x0000000084400000| Untracked 
|  69|0x0000000084500000, 0x0000000084600000, 0x0000000084600000|100%| O|  |TAMS 0x0000000084500000, 0x0000000084500000| Untracked 
|  70|0x0000000084600000, 0x0000000084700000, 0x0000000084700000|100%| O|  |TAMS 0x0000000084600000, 0x0000000084600000| Untracked 
|  71|0x0000000084700000, 0x0000000084800000, 0x0000000084800000|100%| O|  |TAMS 0x0000000084700000, 0x0000000084700000| Untracked 
|  72|0x0000000084800000, 0x0000000084900000, 0x0000000084900000|100%| O|  |TAMS 0x0000000084800000, 0x0000000084800000| Untracked 
|  73|0x0000000084900000, 0x0000000084a00000, 0x0000000084a00000|100%| O|  |TAMS 0x0000000084900000, 0x0000000084900000| Untracked 
|  74|0x0000000084a00000, 0x0000000084b00000, 0x0000000084b00000|100%| O|  |TAMS 0x0000000084a00000, 0x0000000084a00000| Untracked 
|  75|0x0000000084b00000, 0x0000000084c00000, 0x0000000084c00000|100%| O|  |TAMS 0x0000000084b00000, 0x0000000084b00000| Untracked 
|  76|0x0000000084c00000, 0x0000000084d00000, 0x0000000084d00000|100%| O|  |TAMS 0x0000000084c00000, 0x0000000084c00000| Untracked 
|  77|0x0000000084d00000, 0x0000000084e00000, 0x0000000084e00000|100%| O|  |TAMS 0x0000000084d00000, 0x0000000084d00000| Untracked 
|  78|0x0000000084e00000, 0x0000000084f00000, 0x0000000084f00000|100%| O|  |TAMS 0x0000000084e00000, 0x0000000084e00000| Untracked 
|  79|0x0000000084f00000, 0x0000000085000000, 0x0000000085000000|100%| O|  |TAMS 0x0000000084f00000, 0x0000000084f00000| Untracked 
|  80|0x0000000085000000, 0x0000000085100000, 0x0000000085100000|100%| O|  |TAMS 0x0000000085000000, 0x0000000085000000| Untracked 
|  81|0x0000000085100000, 0x0000000085200000, 0x0000000085200000|100%| O|  |TAMS 0x0000000085100000, 0x0000000085100000| Untracked 
|  82|0x0000000085200000, 0x0000000085300000, 0x0000000085300000|100%|HS|  |TAMS 0x0000000085200000, 0x0000000085200000| Complete 
|  83|0x0000000085300000, 0x0000000085400000, 0x0000000085400000|100%|HC|  |TAMS 0x0000000085300000, 0x0000000085300000| Complete 
|  84|0x0000000085400000, 0x0000000085500000, 0x0000000085500000|100%| O|  |TAMS 0x0000000085400000, 0x0000000085400000| Untracked 
|  85|0x0000000085500000, 0x0000000085600000, 0x0000000085600000|100%| O|  |TAMS 0x0000000085500000, 0x0000000085500000| Untracked 
|  86|0x0000000085600000, 0x0000000085700000, 0x0000000085700000|100%| O|  |TAMS 0x0000000085600000, 0x0000000085600000| Untracked 
|  87|0x0000000085700000, 0x0000000085800000, 0x0000000085800000|100%| O|  |TAMS 0x0000000085700000, 0x0000000085700000| Untracked 
|  88|0x0000000085800000, 0x0000000085900000, 0x0000000085900000|100%| O|  |TAMS 0x0000000085800000, 0x0000000085800000| Untracked 
|  89|0x0000000085900000, 0x0000000085a00000, 0x0000000085a00000|100%| O|  |TAMS 0x0000000085900000, 0x0000000085900000| Untracked 
|  90|0x0000000085a00000, 0x0000000085b00000, 0x0000000085b00000|100%| O|  |TAMS 0x0000000085a00000, 0x0000000085a00000| Untracked 
|  91|0x0000000085b00000, 0x0000000085bdc000, 0x0000000085c00000| 85%| O|  |TAMS 0x0000000085b00000, 0x0000000085b00000| Untracked 
|  92|0x0000000085c00000, 0x0000000085c00000, 0x0000000085d00000|  0%| F|  |TAMS 0x0000000085c00000, 0x0000000085c00000| Untracked 
|  93|0x0000000085d00000, 0x0000000085d00000, 0x0000000085e00000|  0%| F|  |TAMS 0x0000000085d00000, 0x0000000085d00000| Untracked 
|  94|0x0000000085e00000, 0x0000000085e00000, 0x0000000085f00000|  0%| F|  |TAMS 0x0000000085e00000, 0x0000000085e00000| Untracked 
|  95|0x0000000085f00000, 0x0000000085f00000, 0x0000000086000000|  0%| F|  |TAMS 0x0000000085f00000, 0x0000000085f00000| Untracked 
|  96|0x0000000086000000, 0x0000000086000000, 0x0000000086100000|  0%| F|  |TAMS 0x0000000086000000, 0x0000000086000000| Untracked 
|  97|0x0000000086100000, 0x0000000086100000, 0x0000000086200000|  0%| F|  |TAMS 0x0000000086100000, 0x0000000086100000| Untracked 
|  98|0x0000000086200000, 0x0000000086200000, 0x0000000086300000|  0%| F|  |TAMS 0x0000000086200000, 0x0000000086200000| Untracked 
|  99|0x0000000086300000, 0x0000000086300000, 0x0000000086400000|  0%| F|  |TAMS 0x0000000086300000, 0x0000000086300000| Untracked 
| 100|0x0000000086400000, 0x0000000086400000, 0x0000000086500000|  0%| F|  |TAMS 0x0000000086400000, 0x0000000086400000| Untracked 
| 101|0x0000000086500000, 0x0000000086500000, 0x0000000086600000|  0%| F|  |TAMS 0x0000000086500000, 0x0000000086500000| Untracked 
| 102|0x0000000086600000, 0x0000000086600000, 0x0000000086700000|  0%| F|  |TAMS 0x0000000086600000, 0x0000000086600000| Untracked 
| 103|0x0000000086700000, 0x0000000086700000, 0x0000000086800000|  0%| F|  |TAMS 0x0000000086700000, 0x0000000086700000| Untracked 
| 104|0x0000000086800000, 0x0000000086800000, 0x0000000086900000|  0%| F|  |TAMS 0x0000000086800000, 0x0000000086800000| Untracked 
| 105|0x0000000086900000, 0x0000000086900000, 0x0000000086a00000|  0%| F|  |TAMS 0x0000000086900000, 0x0000000086900000| Untracked 
| 106|0x0000000086a00000, 0x0000000086a00000, 0x0000000086b00000|  0%| F|  |TAMS 0x0000000086a00000, 0x0000000086a00000| Untracked 
| 107|0x0000000086b00000, 0x0000000086b00000, 0x0000000086c00000|  0%| F|  |TAMS 0x0000000086b00000, 0x0000000086b00000| Untracked 
| 108|0x0000000086c00000, 0x0000000086c00000, 0x0000000086d00000|  0%| F|  |TAMS 0x0000000086c00000, 0x0000000086c00000| Untracked 
| 109|0x0000000086d00000, 0x0000000086d00000, 0x0000000086e00000|  0%| F|  |TAMS 0x0000000086d00000, 0x0000000086d00000| Untracked 
| 110|0x0000000086e00000, 0x0000000086e00000, 0x0000000086f00000|  0%| F|  |TAMS 0x0000000086e00000, 0x0000000086e00000| Untracked 
| 111|0x0000000086f00000, 0x0000000086f00000, 0x0000000087000000|  0%| F|  |TAMS 0x0000000086f00000, 0x0000000086f00000| Untracked 
| 112|0x0000000087000000, 0x0000000087000000, 0x0000000087100000|  0%| F|  |TAMS 0x0000000087000000, 0x0000000087000000| Untracked 
| 113|0x0000000087100000, 0x0000000087100000, 0x0000000087200000|  0%| F|  |TAMS 0x0000000087100000, 0x0000000087100000| Untracked 
| 114|0x0000000087200000, 0x0000000087200000, 0x0000000087300000|  0%| F|  |TAMS 0x0000000087200000, 0x0000000087200000| Untracked 
| 115|0x0000000087300000, 0x0000000087300000, 0x0000000087400000|  0%| F|  |TAMS 0x0000000087300000, 0x0000000087300000| Untracked 
| 116|0x0000000087400000, 0x0000000087400000, 0x0000000087500000|  0%| F|  |TAMS 0x0000000087400000, 0x0000000087400000| Untracked 
| 117|0x0000000087500000, 0x0000000087500000, 0x0000000087600000|  0%| F|  |TAMS 0x0000000087500000, 0x0000000087500000| Untracked 
| 118|0x0000000087600000, 0x0000000087600000, 0x0000000087700000|  0%| F|  |TAMS 0x0000000087600000, 0x0000000087600000| Untracked 
| 119|0x0000000087700000, 0x0000000087700000, 0x0000000087800000|  0%| F|  |TAMS 0x0000000087700000, 0x0000000087700000| Untracked 
| 120|0x0000000087800000, 0x0000000087800000, 0x0000000087900000|  0%| F|  |TAMS 0x0000000087800000, 0x0000000087800000| Untracked 
| 121|0x0000000087900000, 0x0000000087900000, 0x0000000087a00000|  0%| F|  |TAMS 0x0000000087900000, 0x0000000087900000| Untracked 
| 122|0x0000000087a00000, 0x0000000087ad0ee0, 0x0000000087b00000| 81%| S|CS|TAMS 0x0000000087a00000, 0x0000000087a00000| Complete 
| 123|0x0000000087b00000, 0x0000000087c00000, 0x0000000087c00000|100%| S|CS|TAMS 0x0000000087b00000, 0x0000000087b00000| Complete 
| 124|0x0000000087c00000, 0x0000000087d00000, 0x0000000087d00000|100%| S|CS|TAMS 0x0000000087c00000, 0x0000000087c00000| Complete 
| 125|0x0000000087d00000, 0x0000000087e00000, 0x0000000087e00000|100%| S|CS|TAMS 0x0000000087d00000, 0x0000000087d00000| Complete 
| 126|0x0000000087e00000, 0x0000000087e00000, 0x0000000087f00000|  0%| F|  |TAMS 0x0000000087e00000, 0x0000000087e00000| Untracked 
| 127|0x0000000087f00000, 0x0000000087f00000, 0x0000000088000000|  0%| F|  |TAMS 0x0000000087f00000, 0x0000000087f00000| Untracked 
| 128|0x0000000088000000, 0x0000000088000000, 0x0000000088100000|  0%| F|  |TAMS 0x0000000088000000, 0x0000000088000000| Untracked 
| 129|0x0000000088100000, 0x0000000088100000, 0x0000000088200000|  0%| F|  |TAMS 0x0000000088100000, 0x0000000088100000| Untracked 
| 130|0x0000000088200000, 0x0000000088200000, 0x0000000088300000|  0%| F|  |TAMS 0x0000000088200000, 0x0000000088200000| Untracked 
| 131|0x0000000088300000, 0x0000000088300000, 0x0000000088400000|  0%| F|  |TAMS 0x0000000088300000, 0x0000000088300000| Untracked 
| 132|0x0000000088400000, 0x0000000088400000, 0x0000000088500000|  0%| F|  |TAMS 0x0000000088400000, 0x0000000088400000| Untracked 
| 133|0x0000000088500000, 0x0000000088500000, 0x0000000088600000|  0%| F|  |TAMS 0x0000000088500000, 0x0000000088500000| Untracked 
| 134|0x0000000088600000, 0x0000000088600000, 0x0000000088700000|  0%| F|  |TAMS 0x0000000088600000, 0x0000000088600000| Untracked 
| 135|0x0000000088700000, 0x0000000088700000, 0x0000000088800000|  0%| F|  |TAMS 0x0000000088700000, 0x0000000088700000| Untracked 
| 136|0x0000000088800000, 0x0000000088800000, 0x0000000088900000|  0%| F|  |TAMS 0x0000000088800000, 0x0000000088800000| Untracked 
| 137|0x0000000088900000, 0x0000000088900000, 0x0000000088a00000|  0%| F|  |TAMS 0x0000000088900000, 0x0000000088900000| Untracked 
| 138|0x0000000088a00000, 0x0000000088a00000, 0x0000000088b00000|  0%| F|  |TAMS 0x0000000088a00000, 0x0000000088a00000| Untracked 
| 139|0x0000000088b00000, 0x0000000088b00000, 0x0000000088c00000|  0%| F|  |TAMS 0x0000000088b00000, 0x0000000088b00000| Untracked 
| 140|0x0000000088c00000, 0x0000000088c00000, 0x0000000088d00000|  0%| F|  |TAMS 0x0000000088c00000, 0x0000000088c00000| Untracked 
| 141|0x0000000088d00000, 0x0000000088d00000, 0x0000000088e00000|  0%| F|  |TAMS 0x0000000088d00000, 0x0000000088d00000| Untracked 
| 142|0x0000000088e00000, 0x0000000088e00000, 0x0000000088f00000|  0%| F|  |TAMS 0x0000000088e00000, 0x0000000088e00000| Untracked 
| 143|0x0000000088f00000, 0x0000000088f00000, 0x0000000089000000|  0%| F|  |TAMS 0x0000000088f00000, 0x0000000088f00000| Untracked 
| 144|0x0000000089000000, 0x0000000089000000, 0x0000000089100000|  0%| F|  |TAMS 0x0000000089000000, 0x0000000089000000| Untracked 
| 145|0x0000000089100000, 0x00000000891b0360, 0x0000000089200000| 68%| E|  |TAMS 0x0000000089100000, 0x0000000089100000| Complete 
| 146|0x0000000089200000, 0x0000000089300000, 0x0000000089300000|100%| E|CS|TAMS 0x0000000089200000, 0x0000000089200000| Complete 
| 147|0x0000000089300000, 0x0000000089400000, 0x0000000089400000|100%| E|CS|TAMS 0x0000000089300000, 0x0000000089300000| Complete 
| 148|0x0000000089400000, 0x0000000089500000, 0x0000000089500000|100%| E|CS|TAMS 0x0000000089400000, 0x0000000089400000| Complete 
| 149|0x0000000089500000, 0x0000000089600000, 0x0000000089600000|100%| E|CS|TAMS 0x0000000089500000, 0x0000000089500000| Complete 
| 150|0x0000000089600000, 0x0000000089700000, 0x0000000089700000|100%| E|CS|TAMS 0x0000000089600000, 0x0000000089600000| Complete 
| 151|0x0000000089700000, 0x0000000089800000, 0x0000000089800000|100%| E|CS|TAMS 0x0000000089700000, 0x0000000089700000| Complete 
| 152|0x0000000089800000, 0x0000000089900000, 0x0000000089900000|100%| E|CS|TAMS 0x0000000089800000, 0x0000000089800000| Complete 
| 153|0x0000000089900000, 0x0000000089a00000, 0x0000000089a00000|100%| E|CS|TAMS 0x0000000089900000, 0x0000000089900000| Complete 
| 154|0x0000000089a00000, 0x0000000089b00000, 0x0000000089b00000|100%| E|CS|TAMS 0x0000000089a00000, 0x0000000089a00000| Complete 
| 155|0x0000000089b00000, 0x0000000089c00000, 0x0000000089c00000|100%| E|CS|TAMS 0x0000000089b00000, 0x0000000089b00000| Complete 
| 156|0x0000000089c00000, 0x0000000089d00000, 0x0000000089d00000|100%| E|CS|TAMS 0x0000000089c00000, 0x0000000089c00000| Complete 
| 157|0x0000000089d00000, 0x0000000089e00000, 0x0000000089e00000|100%| E|CS|TAMS 0x0000000089d00000, 0x0000000089d00000| Complete 
| 158|0x0000000089e00000, 0x0000000089f00000, 0x0000000089f00000|100%| E|CS|TAMS 0x0000000089e00000, 0x0000000089e00000| Complete 
| 159|0x0000000089f00000, 0x000000008a000000, 0x000000008a000000|100%| E|CS|TAMS 0x0000000089f00000, 0x0000000089f00000| Complete 
| 160|0x000000008a000000, 0x000000008a100000, 0x000000008a100000|100%| E|CS|TAMS 0x000000008a000000, 0x000000008a000000| Complete 
| 161|0x000000008a100000, 0x000000008a200000, 0x000000008a200000|100%| E|CS|TAMS 0x000000008a100000, 0x000000008a100000| Complete 
| 162|0x000000008a200000, 0x000000008a300000, 0x000000008a300000|100%| E|CS|TAMS 0x000000008a200000, 0x000000008a200000| Complete 
| 163|0x000000008a300000, 0x000000008a400000, 0x000000008a400000|100%| E|CS|TAMS 0x000000008a300000, 0x000000008a300000| Complete 
| 164|0x000000008a400000, 0x000000008a500000, 0x000000008a500000|100%| E|CS|TAMS 0x000000008a400000, 0x000000008a400000| Complete 
| 165|0x000000008a500000, 0x000000008a600000, 0x000000008a600000|100%| E|CS|TAMS 0x000000008a500000, 0x000000008a500000| Complete 
| 166|0x000000008a600000, 0x000000008a700000, 0x000000008a700000|100%| E|CS|TAMS 0x000000008a600000, 0x000000008a600000| Complete 
| 167|0x000000008a700000, 0x000000008a800000, 0x000000008a800000|100%| E|CS|TAMS 0x000000008a700000, 0x000000008a700000| Complete 
| 206|0x000000008ce00000, 0x000000008cf00000, 0x000000008cf00000|100%| E|CS|TAMS 0x000000008ce00000, 0x000000008ce00000| Complete 
| 207|0x000000008cf00000, 0x000000008d000000, 0x000000008d000000|100%| E|  |TAMS 0x000000008cf00000, 0x000000008cf00000| Complete 
| 208|0x000000008d000000, 0x000000008d100000, 0x000000008d100000|100%| E|CS|TAMS 0x000000008d000000, 0x000000008d000000| Complete 
| 209|0x000000008d100000, 0x000000008d200000, 0x000000008d200000|100%| E|CS|TAMS 0x000000008d100000, 0x000000008d100000| Complete 
| 210|0x000000008d200000, 0x000000008d300000, 0x000000008d300000|100%| E|CS|TAMS 0x000000008d200000, 0x000000008d200000| Complete 
| 211|0x000000008d300000, 0x000000008d400000, 0x000000008d400000|100%| E|CS|TAMS 0x000000008d300000, 0x000000008d300000| Complete 
| 212|0x000000008d400000, 0x000000008d500000, 0x000000008d500000|100%| E|CS|TAMS 0x000000008d400000, 0x000000008d400000| Complete 
| 213|0x000000008d500000, 0x000000008d600000, 0x000000008d600000|100%| E|CS|TAMS 0x000000008d500000, 0x000000008d500000| Complete 
| 255|0x000000008ff00000, 0x0000000090000000, 0x0000000090000000|100%| E|CS|TAMS 0x000000008ff00000, 0x000000008ff00000| Complete 

Card table byte_map: [0x000001f7c2b80000,0x000001f7c2f80000] _byte_map_base: 0x000001f7c2780000

Marking Bits (Prev, Next): (CMBitMap*) 0x000001f7b030f4b0, (CMBitMap*) 0x000001f7b030f470
 Prev Bits: [0x000001f7c5380000, 0x000001f7c7380000)
 Next Bits: [0x000001f7c3380000, 0x000001f7c5380000)

Polling page: 0x000001f7ae2b0000

Metaspace:

Usage:
  Non-class:     87.50 MB used.
      Class:     13.70 MB used.
       Both:    101.21 MB used.

Virtual space:
  Non-class space:       88.00 MB reserved,      87.81 MB (>99%) committed,  11 nodes.
      Class space:        1.00 GB reserved,      14.06 MB (  1%) committed,  1 nodes.
             Both:        1.09 GB reserved,     101.88 MB (  9%) committed. 

Chunk freelists:
   Non-Class:  64.00 KB
       Class:  1.92 MB
        Both:  1.98 MB

MaxMetaspaceSize: unlimited
CompressedClassSpaceSize: 1.00 GB
Initial GC threshold: 21.00 MB
Current GC threshold: 107.94 MB
CDS: off
MetaspaceReclaimPolicy: balanced
 - commit_granule_bytes: 65536.
 - commit_granule_words: 8192.
 - virtual_space_node_default_size: 1048576.
 - enlarge_chunks_in_place: 1.
 - new_chunks_are_fully_committed: 0.
 - uncommit_free_chunks: 1.
 - use_allocation_guard: 0.
 - handle_deallocations: 1.


Internal statistics:

num_allocs_failed_limit: 6.
num_arena_births: 890.
num_arena_deaths: 0.
num_vsnodes_births: 12.
num_vsnodes_deaths: 0.
num_space_committed: 1630.
num_space_uncommitted: 0.
num_chunks_returned_to_freelist: 6.
num_chunks_taken_from_freelist: 4558.
num_chunk_merges: 6.
num_chunk_splits: 3043.
num_chunks_enlarged: 2067.
num_purges: 0.
num_inconsistent_stats: 0.

CodeHeap 'non-profiled nmethods': size=120000Kb used=6587Kb max_used=6587Kb free=113412Kb
 bounds [0x000001f7bb250000, 0x000001f7bb8c0000, 0x000001f7c2780000]
CodeHeap 'profiled nmethods': size=120000Kb used=19915Kb max_used=19915Kb free=100084Kb
 bounds [0x000001f7b3780000, 0x000001f7b4b00000, 0x000001f7bacb0000]
CodeHeap 'non-nmethods': size=5760Kb used=2433Kb max_used=2524Kb free=3326Kb
 bounds [0x000001f7bacb0000, 0x000001f7baf30000, 0x000001f7bb250000]
 total_blobs=11213 nmethods=10238 adapters=887
 compilation: enabled
              stopped_count=0, restarted_count=0
 full_count=0

Compilation events (20 events):
Event: 29.798 Thread 0x000001f7ca473620 11769   !   2       java.util.AbstractSequentialList::get (39 bytes)
Event: 29.799 Thread 0x000001f7ca473620 nmethod 11769 0x000001f7b4adec90 code [0x000001f7b4adeea0, 0x000001f7b4adf218]
Event: 29.799 Thread 0x000001f7ca473620 11770       2       com.android.ide.common.resources.MergedResourceWriter::ignoreItemInMerge (9 bytes)
Event: 29.799 Thread 0x000001f7ca473620 nmethod 11770 0x000001f7b4adf490 code [0x000001f7b4adf620, 0x000001f7b4adf778]
Event: 29.799 Thread 0x000001f7ca473620 11771       2       com.android.ide.common.resources.MergedResourceWriter::ignoreItemInMerge (5 bytes)
Event: 29.799 Thread 0x000001f7ca473620 nmethod 11771 0x000001f7b4adf890 code [0x000001f7b4adfa20, 0x000001f7b4adfb38]
Event: 29.799 Thread 0x000001f7ca473620 11772       2       com.android.ide.common.resources.MergedResourceWriter::addItem (9 bytes)
Event: 29.799 Thread 0x000001f7ca473620 nmethod 11772 0x000001f7b4adfc10 code [0x000001f7b4adfda0, 0x000001f7b4adfee8]
Event: 29.799 Thread 0x000001f7ca473620 11773   !   2       com.android.ide.common.resources.MergedResourceWriter::addItem (199 bytes)
Event: 29.800 Thread 0x000001f7ca473620 nmethod 11773 0x000001f7b4adff90 code [0x000001f7b4ae0220, 0x000001f7b4ae0928]
Event: 29.800 Thread 0x000001f7ca473620 11774       2       com.android.ide.common.resources.DataItem::isWritten (16 bytes)
Event: 29.800 Thread 0x000001f7ca473620 nmethod 11774 0x000001f7b4ae0f90 code [0x000001f7b4ae1120, 0x000001f7b4ae1238]
Event: 29.800 Thread 0x000001f7ca473620 11775       2       com.android.ide.common.resources.ResourceMerger::filterAccept (9 bytes)
Event: 29.800 Thread 0x000001f7ca473620 nmethod 11775 0x000001f7b4ae1310 code [0x000001f7b4ae14a0, 0x000001f7b4ae15e8]
Event: 29.800 Thread 0x000001f7ca473620 11776       2       com.android.ide.common.resources.ResourceMerger::filterAccept (36 bytes)
Event: 29.801 Thread 0x000001f7ca473620 nmethod 11776 0x000001f7b4ae1690 code [0x000001f7b4ae1840, 0x000001f7b4ae19e8]
Event: 29.816 Thread 0x000001f7ca473620 11777 % !   3       com.android.ide.common.resources.DataMerger::mergeData @ 247 (611 bytes)
Event: 29.821 Thread 0x000001f7ca473620 nmethod 11777% 0x000001f7b4ae1b10 code [0x000001f7b4ae2360, 0x000001f7b4ae7fc8]
Event: 29.822 Thread 0x000001f7ca473620 11778   !   3       com.android.ide.common.resources.DataMerger::mergeData (611 bytes)
Event: 29.827 Thread 0x000001f7ca473620 nmethod 11778 0x000001f7b4aea890 code [0x000001f7b4aeb0e0, 0x000001f7b4af0738]

GC Heap History (20 events):
Event: 13.433 GC heap before
{Heap before GC invocations=27 (full 0):
 garbage-first heap   total 99328K, used 58100K [0x0000000080000000, 0x0000000100000000)
  region size 1024K, 4 young (4096K), 1 survivors (1024K)
 Metaspace       used 62481K, committed 62912K, reserved 1105920K
  class space    used 8243K, committed 8448K, reserved 1048576K
}
Event: 13.437 GC heap after
{Heap after GC invocations=28 (full 0):
 garbage-first heap   total 99328K, used 55753K [0x0000000080000000, 0x0000000100000000)
  region size 1024K, 1 young (1024K), 1 survivors (1024K)
 Metaspace       used 62481K, committed 62912K, reserved 1105920K
  class space    used 8243K, committed 8448K, reserved 1048576K
}
Event: 14.022 GC heap before
{Heap before GC invocations=28 (full 0):
 garbage-first heap   total 99328K, used 76233K [0x0000000080000000, 0x0000000100000000)
  region size 1024K, 21 young (21504K), 1 survivors (1024K)
 Metaspace       used 65750K, committed 66240K, reserved 1114112K
  class space    used 8651K, committed 8896K, reserved 1048576K
}
Event: 14.026 GC heap after
{Heap after GC invocations=29 (full 0):
 garbage-first heap   total 181248K, used 56388K [0x0000000080000000, 0x0000000100000000)
  region size 1024K, 2 young (2048K), 2 survivors (2048K)
 Metaspace       used 65750K, committed 66240K, reserved 1114112K
  class space    used 8651K, committed 8896K, reserved 1048576K
}
Event: 19.070 GC heap before
{Heap before GC invocations=30 (full 0):
 garbage-first heap   total 181248K, used 130116K [0x0000000080000000, 0x0000000100000000)
  region size 1024K, 68 young (69632K), 2 survivors (2048K)
 Metaspace       used 72180K, committed 72704K, reserved 1114112K
  class space    used 9514K, committed 9792K, reserved 1048576K
}
Event: 19.086 GC heap after
{Heap after GC invocations=31 (full 0):
 garbage-first heap   total 181248K, used 62647K [0x0000000080000000, 0x0000000100000000)
  region size 1024K, 8 young (8192K), 8 survivors (8192K)
 Metaspace       used 72180K, committed 72704K, reserved 1114112K
  class space    used 9514K, committed 9792K, reserved 1048576K
}
Event: 19.107 GC heap before
{Heap before GC invocations=31 (full 0):
 garbage-first heap   total 181248K, used 63671K [0x0000000080000000, 0x0000000100000000)
  region size 1024K, 9 young (9216K), 8 survivors (8192K)
 Metaspace       used 72331K, committed 72896K, reserved 1114112K
  class space    used 9522K, committed 9792K, reserved 1048576K
}
Event: 19.115 GC heap after
{Heap after GC invocations=32 (full 0):
 garbage-first heap   total 181248K, used 63194K [0x0000000080000000, 0x0000000100000000)
  region size 1024K, 1 young (1024K), 1 survivors (1024K)
 Metaspace       used 72331K, committed 72896K, reserved 1114112K
  class space    used 9522K, committed 9792K, reserved 1048576K
}
Event: 20.357 GC heap before
{Heap before GC invocations=32 (full 0):
 garbage-first heap   total 181248K, used 130778K [0x0000000080000000, 0x0000000100000000)
  region size 1024K, 67 young (68608K), 1 survivors (1024K)
 Metaspace       used 76679K, committed 77248K, reserved 1122304K
  class space    used 10103K, committed 10368K, reserved 1048576K
}
Event: 20.363 GC heap after
{Heap after GC invocations=33 (full 0):
 garbage-first heap   total 181248K, used 66792K [0x0000000080000000, 0x0000000100000000)
  region size 1024K, 5 young (5120K), 5 survivors (5120K)
 Metaspace       used 76679K, committed 77248K, reserved 1122304K
  class space    used 10103K, committed 10368K, reserved 1048576K
}
Event: 21.898 GC heap before
{Heap before GC invocations=33 (full 0):
 garbage-first heap   total 181248K, used 135400K [0x0000000080000000, 0x0000000100000000)
  region size 1024K, 72 young (73728K), 5 survivors (5120K)
 Metaspace       used 84207K, committed 84800K, reserved 1122304K
  class space    used 11377K, committed 11648K, reserved 1048576K
}
Event: 21.913 GC heap after
{Heap after GC invocations=34 (full 0):
 garbage-first heap   total 181248K, used 71244K [0x0000000080000000, 0x0000000100000000)
  region size 1024K, 9 young (9216K), 9 survivors (9216K)
 Metaspace       used 84207K, committed 84800K, reserved 1122304K
  class space    used 11377K, committed 11648K, reserved 1048576K
}
Event: 23.581 GC heap before
{Heap before GC invocations=34 (full 0):
 garbage-first heap   total 181248K, used 138828K [0x0000000080000000, 0x0000000100000000)
  region size 1024K, 75 young (76800K), 9 survivors (9216K)
 Metaspace       used 91677K, committed 92224K, reserved 1130496K
  class space    used 12413K, committed 12672K, reserved 1048576K
}
Event: 23.597 GC heap after
{Heap after GC invocations=35 (full 0):
 garbage-first heap   total 181248K, used 76218K [0x0000000080000000, 0x0000000100000000)
  region size 1024K, 10 young (10240K), 10 survivors (10240K)
 Metaspace       used 91677K, committed 92224K, reserved 1130496K
  class space    used 12413K, committed 12672K, reserved 1048576K
}
Event: 25.223 GC heap before
{Heap before GC invocations=35 (full 0):
 garbage-first heap   total 181248K, used 141754K [0x0000000080000000, 0x0000000100000000)
  region size 1024K, 74 young (75776K), 10 survivors (10240K)
 Metaspace       used 97083K, committed 97728K, reserved 1138688K
  class space    used 13165K, committed 13440K, reserved 1048576K
}
Event: 25.239 GC heap after
{Heap after GC invocations=36 (full 0):
 garbage-first heap   total 181248K, used 82944K [0x0000000080000000, 0x0000000100000000)
  region size 1024K, 10 young (10240K), 10 survivors (10240K)
 Metaspace       used 97083K, committed 97728K, reserved 1138688K
  class space    used 13165K, committed 13440K, reserved 1048576K
}
Event: 26.591 GC heap before
{Heap before GC invocations=36 (full 0):
 garbage-first heap   total 181248K, used 143360K [0x0000000080000000, 0x0000000100000000)
  region size 1024K, 69 young (70656K), 10 survivors (10240K)
 Metaspace       used 99363K, committed 99904K, reserved 1138688K
  class space    used 13575K, committed 13824K, reserved 1048576K
}
Event: 26.617 GC heap after
{Heap after GC invocations=37 (full 0):
 garbage-first heap   total 181248K, used 91649K [0x0000000080000000, 0x0000000100000000)
  region size 1024K, 8 young (8192K), 8 survivors (8192K)
 Metaspace       used 99363K, committed 99904K, reserved 1138688K
  class space    used 13575K, committed 13824K, reserved 1048576K
}
Event: 27.893 GC heap before
{Heap before GC invocations=37 (full 0):
 garbage-first heap   total 181248K, used 144897K [0x0000000080000000, 0x0000000100000000)
  region size 1024K, 59 young (60416K), 8 survivors (8192K)
 Metaspace       used 101372K, committed 102016K, reserved 1138688K
  class space    used 13751K, committed 14016K, reserved 1048576K
}
Event: 27.909 GC heap after
{Heap after GC invocations=38 (full 0):
 garbage-first heap   total 181248K, used 97971K [0x0000000080000000, 0x0000000100000000)
  region size 1024K, 4 young (4096K), 4 survivors (4096K)
 Metaspace       used 101372K, committed 102016K, reserved 1138688K
  class space    used 13751K, committed 14016K, reserved 1048576K
}

Dll operation events (2 events):
Event: 0.012 Loaded shared library C:\Program Files\Android\Android Studio\jbr\bin\java.dll
Event: 0.690 Loaded shared library C:\Program Files\Android\Android Studio\jbr\bin\verify.dll

Deoptimization events (20 events):
Event: 29.694 Thread 0x000001f7cd1e3f30 DEOPT PACKING pc=0x000001f7bb895694 sp=0x0000008119dfa6c0
Event: 29.694 Thread 0x000001f7cd1e3f30 DEOPT UNPACKING pc=0x000001f7bad069a3 sp=0x0000008119dfa6b8 mode 2
Event: 29.694 Thread 0x000001f7cd1e3f30 Uncommon trap: trap_request=0xffffffde fr.pc=0x000001f7bb871318 relative=0x00000000000004f8
Event: 29.694 Thread 0x000001f7cd1e3f30 Uncommon trap: reason=class_check action=maybe_recompile pc=0x000001f7bb871318 method=org.apache.xerces.dom.NamedNodeMapImpl.findNamePoint(Ljava/lang/String;Ljava/lang/String;)I @ 42 c2
Event: 29.694 Thread 0x000001f7cd1e3f30 DEOPT PACKING pc=0x000001f7bb871318 sp=0x0000008119dfa630
Event: 29.694 Thread 0x000001f7cd1e3f30 DEOPT UNPACKING pc=0x000001f7bad069a3 sp=0x0000008119dfa5c0 mode 2
Event: 29.694 Thread 0x000001f7cd1e3f30 Uncommon trap: trap_request=0xffffffde fr.pc=0x000001f7bb8835d4 relative=0x0000000000000e14
Event: 29.694 Thread 0x000001f7cd1e3f30 Uncommon trap: reason=class_check action=maybe_recompile pc=0x000001f7bb8835d4 method=com.android.ide.common.resources.ValueResourceParser2.getType(Lorg/w3c/dom/Node;Ljava/io/File;)Lcom/android/resources/ResourceType; @ 1 c2
Event: 29.694 Thread 0x000001f7cd1e3f30 DEOPT PACKING pc=0x000001f7bb8835d4 sp=0x0000008119dfa700
Event: 29.695 Thread 0x000001f7cd1e3f30 DEOPT UNPACKING pc=0x000001f7bad069a3 sp=0x0000008119dfa6b0 mode 2
Event: 29.695 Thread 0x000001f7cd1e3f30 Uncommon trap: trap_request=0xffffff45 fr.pc=0x000001f7bb876ffc relative=0x00000000000002bc
Event: 29.695 Thread 0x000001f7cd1e3f30 Uncommon trap: reason=unstable_if action=reinterpret pc=0x000001f7bb876ffc method=org.apache.xerces.dom.DeferredDocumentImpl.getNodeValueString(IZ)Ljava/lang/String; @ 73 c2
Event: 29.695 Thread 0x000001f7cd1e3f30 DEOPT PACKING pc=0x000001f7bb876ffc sp=0x0000008119dfa500
Event: 29.695 Thread 0x000001f7cd1e3f30 DEOPT UNPACKING pc=0x000001f7bad069a3 sp=0x0000008119dfa488 mode 2
Event: 29.747 Thread 0x000001f7cd1e3f30 DEOPT PACKING pc=0x000001f7b3dc25d9 sp=0x0000008119dfa840
Event: 29.747 Thread 0x000001f7cd1e3f30 DEOPT UNPACKING pc=0x000001f7bad07143 sp=0x0000008119df9d30 mode 0
Event: 29.791 Thread 0x000001f7cd1e3f30 Uncommon trap: trap_request=0xffffff45 fr.pc=0x000001f7bb873dbc relative=0x0000000000000c9c
Event: 29.791 Thread 0x000001f7cd1e3f30 Uncommon trap: reason=unstable_if action=reinterpret pc=0x000001f7bb873dbc method=com.android.ide.common.resources.configuration.FolderConfiguration.getQualifierString()Ljava/lang/String; @ 95 c2
Event: 29.791 Thread 0x000001f7cd1e3f30 DEOPT PACKING pc=0x000001f7bb873dbc sp=0x0000008119dfa550
Event: 29.791 Thread 0x000001f7cd1e3f30 DEOPT UNPACKING pc=0x000001f7bad069a3 sp=0x0000008119dfa538 mode 2

Classes unloaded (0 events):
No events

Classes redefined (0 events):
No events

Internal exceptions (20 events):
Event: 25.788 Thread 0x000001f7cd1e1d80 Exception <a 'java/lang/IncompatibleClassChangeError'{0x0000000088b8ac20}: Found class java.lang.Object, but interface was expected> (0x0000000088b8ac20) 
thrown [s\src\hotspot\share\interpreter\linkResolver.cpp, line 838]
Event: 25.832 Thread 0x000001f7cd1e1d80 Exception <a 'java/lang/IncompatibleClassChangeError'{0x0000000088af7be8}: Found class java.lang.Object, but interface was expected> (0x0000000088af7be8) 
thrown [s\src\hotspot\share\interpreter\linkResolver.cpp, line 838]
Event: 25.878 Thread 0x000001f7cd1e1d80 Exception <a 'java/lang/NoSuchMethodError'{0x0000000088852088}: 'int java.lang.invoke.DirectMethodHandle$Holder.invokeStaticInit(java.lang.Object, java.lang.Object, java.lang.Object, java.lang.Object, java.lang.Object)'> (0x0000000088852088) 
thrown [s\src\hotspot\share\interpreter\linkResolver.cpp, line 771]
Event: 25.906 Thread 0x000001f7cb0b5080 Exception <a 'java/lang/NoSuchMethodError'{0x0000000088791f98}: static Lorg/gradle/internal/build/event/types/DefaultTaskFinishedProgressEvent;.<clinit>()V> (0x0000000088791f98) 
thrown [s\src\hotspot\share\prims\jni.cpp, line 1108]
Event: 25.909 Thread 0x000001f7cb0b5080 Exception <a 'java/lang/NoSuchMethodError'{0x00000000887a6d90}: static Lorg/gradle/internal/build/event/types/DefaultTaskSuccessResult;.<clinit>()V> (0x00000000887a6d90) 
thrown [s\src\hotspot\share\prims\jni.cpp, line 1108]
Event: 25.909 Thread 0x000001f7cb0b5080 Exception <a 'java/lang/NoSuchMethodError'{0x00000000887a8498}: static Lorg/gradle/internal/build/event/types/AbstractTaskResult;.<clinit>()V> (0x00000000887a8498) 
thrown [s\src\hotspot\share\prims\jni.cpp, line 1108]
Event: 25.958 Thread 0x000001f7cd1e1d80 Exception <a 'sun/nio/fs/WindowsException'{0x000000008871c7f8}> (0x000000008871c7f8) 
thrown [s\src\hotspot\share\prims\jni.cpp, line 517]
Event: 25.958 Thread 0x000001f7cd1e00a0 Exception <a 'java/lang/NoSuchMethodError'{0x000000008863dbf8}: static Lcom/android/buildanalyzer/common/AndroidGradlePluginAttributionData$BuildInfo;.<clinit>()V> (0x000000008863dbf8) 
thrown [s\src\hotspot\share\prims\jni.cpp, line 1108]
Event: 25.961 Thread 0x000001f7cd1e00a0 Exception <a 'java/lang/NoSuchMethodError'{0x0000000088653ee8}: static Lcom/android/buildanalyzer/common/AndroidGradlePluginAttributionData$JavaInfo;.<clinit>()V> (0x0000000088653ee8) 
thrown [s\src\hotspot\share\prims\jni.cpp, line 1108]
Event: 25.963 Thread 0x000001f7cd1e00a0 Exception <a 'java/lang/NoSuchMethodError'{0x0000000088675880}: static [Ljava/lang/String;.<clinit>()V> (0x0000000088675880) 
thrown [s\src\hotspot\share\prims\jni.cpp, line 1108]
Event: 25.967 Thread 0x000001f7cd1e00a0 Exception <a 'java/lang/NoSuchMethodError'{0x0000000088684050}: static Lcom/android/buildanalyzer/common/AndroidGradlePluginAttributionData$TaskInfo;.<clinit>()V> (0x0000000088684050) 
thrown [s\src\hotspot\share\prims\jni.cpp, line 1108]
Event: 25.968 Thread 0x000001f7cd1e00a0 Exception <a 'java/lang/NoSuchMethodError'{0x0000000088690748}: static Lcom/android/buildanalyzer/common/AndroidGradlePluginAttributionData$TaskCategoryInfo;.<clinit>()V> (0x0000000088690748) 
thrown [s\src\hotspot\share\prims\jni.cpp, line 1108]
Event: 25.979 Thread 0x000001f7cd1e00a0 Exception <a 'java/lang/NoSuchMethodError'{0x00000000886e2410}: 'void java.lang.invoke.DirectMethodHandle$Holder.invokeSpecial(java.lang.Object, java.lang.Object, java.lang.Object, int)'> (0x00000000886e2410) 
thrown [s\src\hotspot\share\interpreter\linkResolver.cpp, line 771]
Event: 26.022 Thread 0x000001f7cb0b5080 Exception <a 'java/lang/NoSuchMethodError'{0x000000008855ade0}: static Lorg/gradle/internal/build/event/types/DefaultTaskSkippedResult;.<clinit>()V> (0x000000008855ade0) 
thrown [s\src\hotspot\share\prims\jni.cpp, line 1108]
Event: 26.487 Thread 0x000001f7cd1e1d80 Exception <a 'java/lang/NoSuchMethodError'{0x0000000087dae208}: 'void java.lang.invoke.DirectMethodHandle$Holder.invokeStatic(java.lang.Object, java.lang.Object, java.lang.Object, java.lang.Object, int, java.lang.Object, java.lang.Object)'> (0x0000000087dae208) 
thrown [s\src\hotspot\share\interpreter\linkResolver.cpp, line 771]
Event: 26.518 Thread 0x000001f7ccbf6540 Exception <a 'java/lang/NoSuchMethodError'{0x0000000087843528}: 'java.lang.Object java.lang.invoke.DirectMethodHandle$Holder.invokeSpecialIFC(java.lang.Object, java.lang.Object, java.lang.Object)'> (0x0000000087843528) 
thrown [s\src\hotspot\share\interpreter\linkResolver.cpp, line 771]
Event: 26.518 Thread 0x000001f7ccbf6ee0 Exception <a 'java/lang/NoSuchMethodError'{0x0000000087912998}: 'java.lang.Object java.lang.invoke.DirectMethodHandle$Holder.invokeSpecialIFC(java.lang.Object, java.lang.Object, java.lang.Object)'> (0x0000000087912998) 
thrown [s\src\hotspot\share\interpreter\linkResolver.cpp, line 771]
Event: 27.217 Thread 0x000001f7ce083e40 Exception <a 'java/lang/NoSuchMethodError'{0x0000000089d9cf78}: 'void java.lang.invoke.DirectMethodHandle$Holder.invokeVirtual(java.lang.Object, java.lang.Object)'> (0x0000000089d9cf78) 
thrown [s\src\hotspot\share\interpreter\linkResolver.cpp, line 771]
Event: 27.345 Thread 0x000001f7ccbf6ee0 Implicit null exception at 0x000001f7bb7e0e5b to 0x000001f7bb7e0ee4
Event: 29.791 Thread 0x000001f7cd1e3f30 Implicit null exception at 0x000001f7bb8735bb to 0x000001f7bb873dab

VM Operations (20 events):
Event: 26.590 Executing VM operation: G1CollectForAllocation
Event: 26.621 Executing VM operation: G1CollectForAllocation done
Event: 27.045 Executing VM operation: ICBufferFull
Event: 27.045 Executing VM operation: ICBufferFull done
Event: 27.367 Executing VM operation: ICBufferFull
Event: 27.369 Executing VM operation: ICBufferFull done
Event: 27.660 Executing VM operation: ICBufferFull
Event: 27.661 Executing VM operation: ICBufferFull done
Event: 27.892 Executing VM operation: G1CollectForAllocation
Event: 27.911 Executing VM operation: G1CollectForAllocation done
Event: 28.826 Executing VM operation: HandshakeAllThreads
Event: 28.837 Executing VM operation: HandshakeAllThreads done
Event: 28.881 Executing VM operation: HandshakeAllThreads
Event: 28.881 Executing VM operation: HandshakeAllThreads done
Event: 29.083 Executing VM operation: ICBufferFull
Event: 29.083 Executing VM operation: ICBufferFull done
Event: 29.485 Executing VM operation: HandshakeAllThreads
Event: 29.485 Executing VM operation: HandshakeAllThreads done
Event: 29.770 Executing VM operation: HandshakeAllThreads
Event: 29.770 Executing VM operation: HandshakeAllThreads done

Events (20 events):
Event: 28.844 Thread 0x000001f7ca48c460 flushing nmethod 0x000001f7b3d2f610
Event: 29.109 Thread 0x000001f7cce56ed0 Thread added: 0x000001f7cce56ed0
Event: 29.480 loading class java/util/stream/Nodes$IntFixedNodeBuilder
Event: 29.480 loading class java/util/stream/Node$Builder$OfInt
Event: 29.480 loading class java/util/stream/Node$Builder$OfInt done
Event: 29.480 loading class java/util/stream/Nodes$IntArrayNode
Event: 29.480 loading class java/util/stream/Nodes$IntArrayNode done
Event: 29.481 loading class java/util/stream/Nodes$IntFixedNodeBuilder done
Event: 29.665 loading class org/xml/sax/ext/DefaultHandler2
Event: 29.665 loading class org/xml/sax/ext/LexicalHandler
Event: 29.665 loading class org/xml/sax/ext/LexicalHandler done
Event: 29.665 loading class org/xml/sax/ext/DeclHandler
Event: 29.665 loading class org/xml/sax/ext/DeclHandler done
Event: 29.665 loading class org/xml/sax/ext/DefaultHandler2 done
Event: 29.669 loading class org/xml/sax/DocumentHandler
Event: 29.669 loading class org/xml/sax/DocumentHandler done
Event: 29.745 loading class java/util/concurrent/ConcurrentLinkedDeque
Event: 29.746 loading class java/util/concurrent/ConcurrentLinkedDeque done
Event: 29.746 loading class java/util/concurrent/ConcurrentLinkedDeque$Node
Event: 29.746 loading class java/util/concurrent/ConcurrentLinkedDeque$Node done


Dynamic libraries:
0x00007ff634170000 - 0x00007ff63417a000 	C:\Program Files\Android\Android Studio\jbr\bin\java.exe
0x00007ffefb4b0000 - 0x00007ffefb6a8000 	C:\Windows\SYSTEM32\ntdll.dll
0x00007ffefb390000 - 0x00007ffefb44d000 	C:\Windows\System32\KERNEL32.DLL
0x00007ffef8e30000 - 0x00007ffef9126000 	C:\Windows\System32\KERNELBASE.dll
0x00007ffef91f0000 - 0x00007ffef92f0000 	C:\Windows\System32\ucrtbase.dll
0x00007ffef18d0000 - 0x00007ffef18e7000 	C:\Program Files\Android\Android Studio\jbr\bin\jli.dll
0x00007ffecfc70000 - 0x00007ffecfc8b000 	C:\Program Files\Android\Android Studio\jbr\bin\VCRUNTIME140.dll
0x00007ffefa520000 - 0x00007ffefa6be000 	C:\Windows\System32\USER32.dll
0x00007ffef8ce0000 - 0x00007ffef8d02000 	C:\Windows\System32\win32u.dll
0x00007ffefa420000 - 0x00007ffefa44c000 	C:\Windows\System32\GDI32.dll
0x00007ffef8d10000 - 0x00007ffef8e2a000 	C:\Windows\System32\gdi32full.dll
0x00007ffeead20000 - 0x00007ffeeafba000 	C:\Windows\WinSxS\amd64_microsoft.windows.common-controls_6595b64144ccf1df_6.0.19041.3636_none_60b6a03d71f818d5\COMCTL32.dll
0x00007ffef9b00000 - 0x00007ffef9b9e000 	C:\Windows\System32\msvcrt.dll
0x00007ffef9430000 - 0x00007ffef94cd000 	C:\Windows\System32\msvcp_win.dll
0x00007ffefb360000 - 0x00007ffefb390000 	C:\Windows\System32\IMM32.DLL
0x00007ffee0e40000 - 0x00007ffee0e4c000 	C:\Program Files\Android\Android Studio\jbr\bin\vcruntime140_1.dll
0x00007ffebfdd0000 - 0x00007ffebfe5d000 	C:\Program Files\Android\Android Studio\jbr\bin\msvcp140.dll
0x00007ffec5ab0000 - 0x00007ffec671d000 	C:\Program Files\Android\Android Studio\jbr\bin\server\jvm.dll
0x00007ffef9c80000 - 0x00007ffef9d33000 	C:\Windows\System32\ADVAPI32.dll
0x00007ffefb0f0000 - 0x00007ffefb18f000 	C:\Windows\System32\sechost.dll
0x00007ffefa6c0000 - 0x00007ffefa7e6000 	C:\Windows\System32\RPCRT4.dll
0x00007ffef94d0000 - 0x00007ffef94f7000 	C:\Windows\System32\bcrypt.dll
0x00007ffef5660000 - 0x00007ffef5669000 	C:\Windows\SYSTEM32\WSOCK32.dll
0x00007ffefb080000 - 0x00007ffefb0eb000 	C:\Windows\System32\WS2_32.dll
0x00007ffef7f20000 - 0x00007ffef7f47000 	C:\Windows\SYSTEM32\WINMM.dll
0x00007ffef10e0000 - 0x00007ffef10ea000 	C:\Windows\SYSTEM32\VERSION.dll
0x00007ffef5c50000 - 0x00007ffef5c62000 	C:\Windows\SYSTEM32\kernel.appcore.dll
0x00007ffef2470000 - 0x00007ffef247a000 	C:\Program Files\Android\Android Studio\jbr\bin\jimage.dll
0x00007ffef8490000 - 0x00007ffef8674000 	C:\Windows\SYSTEM32\DBGHELP.DLL
0x00007ffef82a0000 - 0x00007ffef82d4000 	C:\Windows\SYSTEM32\dbgcore.DLL
0x00007ffef92f0000 - 0x00007ffef9372000 	C:\Windows\System32\bcryptPrimitives.dll
0x00007ffee98e0000 - 0x00007ffee9905000 	C:\Program Files\Android\Android Studio\jbr\bin\java.dll
0x00007ffeea460000 - 0x00007ffeea478000 	C:\Program Files\Android\Android Studio\jbr\bin\zip.dll
0x00007ffefa880000 - 0x00007ffefafc5000 	C:\Windows\System32\SHELL32.dll
0x00007ffef5f50000 - 0x00007ffef66eb000 	C:\Windows\SYSTEM32\windows.storage.dll
0x00007ffef9dd0000 - 0x00007ffefa124000 	C:\Windows\System32\combase.dll
0x00007ffef7e50000 - 0x00007ffef7e7d000 	C:\Windows\SYSTEM32\Wldp.dll
0x00007ffefb2b0000 - 0x00007ffefb35d000 	C:\Windows\System32\SHCORE.dll
0x00007ffefa130000 - 0x00007ffefa185000 	C:\Windows\System32\shlwapi.dll
0x00007ffef8ab0000 - 0x00007ffef8ad5000 	C:\Windows\SYSTEM32\profapi.dll
0x00007ffeea3f0000 - 0x00007ffeea409000 	C:\Program Files\Android\Android Studio\jbr\bin\net.dll
0x00007ffeee6b0000 - 0x00007ffeee7ba000 	C:\Windows\SYSTEM32\WINHTTP.dll
0x00007ffef7d20000 - 0x00007ffef7d8a000 	C:\Windows\system32\mswsock.dll
0x00007ffee9840000 - 0x00007ffee9856000 	C:\Program Files\Android\Android Studio\jbr\bin\nio.dll
0x00007ffeecb70000 - 0x00007ffeecb80000 	C:\Program Files\Android\Android Studio\jbr\bin\verify.dll
0x00007ffed6880000 - 0x00007ffed68a7000 	C:\Users\user\.gradle\native\68d5fa5c4cc2d200863cafc0d521ce42e7d3e7ee720ec0a83991735586a16f82\windows-amd64\native-platform.dll
0x00007ffeae530000 - 0x00007ffeae674000 	C:\Users\user\.gradle\native\e376f236ea51e6404a007f0833ffe2c6e607c4080706a723a18a27aeea778392\windows-amd64\native-platform-file-events.dll
0x00007ffef1220000 - 0x00007ffef1229000 	C:\Program Files\Android\Android Studio\jbr\bin\management.dll
0x00007ffeed3a0000 - 0x00007ffeed3ab000 	C:\Program Files\Android\Android Studio\jbr\bin\management_ext.dll
0x00007ffefa870000 - 0x00007ffefa878000 	C:\Windows\System32\PSAPI.DLL
0x00007ffef8820000 - 0x00007ffef8838000 	C:\Windows\SYSTEM32\CRYPTSP.dll
0x00007ffef7540000 - 0x00007ffef7574000 	C:\Windows\system32\rsaenh.dll
0x00007ffef8a70000 - 0x00007ffef8a9e000 	C:\Windows\SYSTEM32\USERENV.dll
0x00007ffef7e10000 - 0x00007ffef7e1c000 	C:\Windows\SYSTEM32\CRYPTBASE.dll
0x00007ffef78a0000 - 0x00007ffef78db000 	C:\Windows\SYSTEM32\IPHLPAPI.DLL
0x00007ffefa850000 - 0x00007ffefa858000 	C:\Windows\System32\NSI.dll
0x00007ffeef360000 - 0x00007ffeef377000 	C:\Windows\SYSTEM32\dhcpcsvc6.DLL
0x00007ffeefaf0000 - 0x00007ffeefb0d000 	C:\Windows\SYSTEM32\dhcpcsvc.DLL
0x00007ffef78e0000 - 0x00007ffef79aa000 	C:\Windows\SYSTEM32\DNSAPI.dll
0x00007ffeecd10000 - 0x00007ffeecd17000 	C:\Windows\system32\wshunix.dll
0x00007ffee7920000 - 0x00007ffee792a000 	C:\Windows\System32\rasadhlp.dll
0x00007ffee7940000 - 0x00007ffee79c0000 	C:\Windows\System32\fwpuclnt.dll
0x00007ffedd890000 - 0x00007ffedd8a7000 	C:\Windows\system32\napinsp.dll
0x00007ffedd8b0000 - 0x00007ffedd8cb000 	C:\Windows\system32\pnrpnsp.dll
0x00007ffef2ff0000 - 0x00007ffef3005000 	C:\Windows\system32\wshbth.dll
0x00007ffef3810000 - 0x00007ffef382d000 	C:\Windows\system32\NLAapi.dll
0x00007ffeddaa0000 - 0x00007ffeddab2000 	C:\Windows\System32\winrnr.dll

dbghelp: loaded successfully - version: 4.0.5 - missing functions: none
symbol engine: initialized successfully - sym options: 0x614 - pdb path: .;C:\Program Files\Android\Android Studio\jbr\bin;C:\Windows\SYSTEM32;C:\Windows\WinSxS\amd64_microsoft.windows.common-controls_6595b64144ccf1df_6.0.19041.3636_none_60b6a03d71f818d5;C:\Program Files\Android\Android Studio\jbr\bin\server;C:\Users\user\.gradle\native\68d5fa5c4cc2d200863cafc0d521ce42e7d3e7ee720ec0a83991735586a16f82\windows-amd64;C:\Users\user\.gradle\native\e376f236ea51e6404a007f0833ffe2c6e607c4080706a723a18a27aeea778392\windows-amd64

VM Arguments:
jvm_args: --add-opens=java.base/java.util=ALL-UNNAMED --add-opens=java.base/java.lang=ALL-UNNAMED --add-opens=java.base/java.lang.invoke=ALL-UNNAMED --add-opens=java.prefs/java.util.prefs=ALL-UNNAMED --add-opens=java.base/java.nio.charset=ALL-UNNAMED --add-opens=java.base/java.net=ALL-UNNAMED --add-opens=java.base/java.util.concurrent.atomic=ALL-UNNAMED -Xmx2048m -Dfile.encoding=UTF-8 -Duser.country=RU -Duser.language=ru -Duser.variant 
java_command: org.gradle.launcher.daemon.bootstrap.GradleDaemon 8.0
java_class_path (initial): C:\Users\user\.gradle\wrapper\dists\gradle-8.0-bin\ca5e32bp14vu59qr306oxotwh\gradle-8.0\lib\gradle-launcher-8.0.jar
Launcher Type: SUN_STANDARD

[Global flags]
     intx CICompilerCount                          = 3                                         {product} {ergonomic}
     uint ConcGCThreads                            = 1                                         {product} {ergonomic}
     uint G1ConcRefinementThreads                  = 4                                         {product} {ergonomic}
   size_t G1HeapRegionSize                         = 1048576                                   {product} {ergonomic}
    uintx GCDrainStackTargetSize                   = 64                                        {product} {ergonomic}
   size_t InitialHeapSize                          = 268435456                                 {product} {ergonomic}
   size_t MarkStackSize                            = 4194304                                   {product} {ergonomic}
   size_t MaxHeapSize                              = 2147483648                                {product} {command line}
   size_t MaxNewSize                               = 1287651328                                {product} {ergonomic}
   size_t MinHeapDeltaBytes                        = 1048576                                   {product} {ergonomic}
   size_t MinHeapSize                              = 8388608                                   {product} {ergonomic}
    uintx NonNMethodCodeHeapSize                   = 5832780                                {pd product} {ergonomic}
    uintx NonProfiledCodeHeapSize                  = 122912730                              {pd product} {ergonomic}
    uintx ProfiledCodeHeapSize                     = 122912730                              {pd product} {ergonomic}
    uintx ReservedCodeCacheSize                    = 251658240                              {pd product} {ergonomic}
     bool SegmentedCodeCache                       = true                                      {product} {ergonomic}
   size_t SoftMaxHeapSize                          = 2147483648                             {manageable} {ergonomic}
     bool UseCompressedClassPointers               = true                           {product lp64_product} {ergonomic}
     bool UseCompressedOops                        = true                           {product lp64_product} {ergonomic}
     bool UseG1GC                                  = true                                      {product} {ergonomic}
     bool UseLargePagesIndividualAllocation        = false                                  {pd product} {ergonomic}

Logging:
Log output configuration:
 #0: stdout all=warning uptime,level,tags
 #1: stderr all=off uptime,level,tags

Environment Variables:
PATH=C:\Windows\system32;C:\Windows;C:\Windows\System32\Wbem;C:\Windows\System32\WindowsPowerShell\v1.0\;C:\Windows\System32\OpenSSH\;C:\Program Files (x86)\NVIDIA Corporation\PhysX\Common;C:\Program Files\Git\cmd;C:\Program Files\Git\mingw64\bin;C:\Program Files\Git\usr\bin;C:\Users\user\AppData\Local\Microsoft\WindowsApps;C:\Users\user\AppData\Local\Programs\Microsoft VS Code\bin;C:\Users\user\AppData\Local\GitHubDesktop\bin;C:\Program Files (x86)\Brackets\;C:\Program Files\JetBrains\PyCharm Community Edition 2023.2.1\bin;;C:\Program Files\JetBrains\PyCharm 2022.2\bin;
USERNAME=user
OS=Windows_NT
PROCESSOR_IDENTIFIER=Intel64 Family 6 Model 58 Stepping 9, GenuineIntel
TMP=C:\Users\user\AppData\Local\Temp
TEMP=C:\Users\user\AppData\Local\Temp



---------------  S Y S T E M  ---------------

OS:
 Windows 10 , 64 bit Build 19041 (10.0.19041.3636)
OS uptime: 12 days 4:45 hours

CPU: total 4 (initial active 4) (4 cores per cpu, 1 threads per core) family 6 model 58 stepping 9 microcode 0x21, cx8, cmov, fxsr, mmx, sse, sse2, sse3, ssse3, sse4.1, sse4.2, popcnt, tsc, tscinvbit, avx, erms, clmul, vzeroupper, clflush

Memory: 4k page, system-wide physical 16266M (6349M free)
TotalPageFile size 18698M (AvailPageFile size 2084M)
current process WorkingSet (physical memory assigned to process): 457M, peak: 461M
current process commit charge ("private bytes"): 485M, peak: 489M

vm_info: OpenJDK 64-Bit Server VM (17.0.6+0-b2043.56-9586694) for windows-amd64 JRE (17.0.6+0-b2043.56-9586694), built on Feb  9 2023 20:06:20 by "androidbuild" with MS VC++ 16.10 / 16.11 (VS2019)

END.
